{"/home/aditya/Documents/github/bootcamp/ReactJS/web-client/src/App.js": {"path":"/home/aditya/Documents/github/bootcamp/ReactJS/web-client/src/App.js","statementMap":{"0":{"start":{"line":8,"column":4},"end":{"line":8,"column":17}},"1":{"start":{"line":11,"column":4},"end":{"line":24,"column":6}},"2":{"start":{"line":15,"column":12},"end":{"line":20,"column":14}},"3":{"start":{"line":19,"column":31},"end":{"line":19,"column":78}}},"fnMap":{"0":{"name":"(anonymous_0)","decl":{"start":{"line":7,"column":2},"end":{"line":7,"column":3}},"loc":{"start":{"line":7,"column":21},"end":{"line":9,"column":3}},"line":7},"1":{"name":"(anonymous_1)","decl":{"start":{"line":10,"column":2},"end":{"line":10,"column":3}},"loc":{"start":{"line":10,"column":11},"end":{"line":25,"column":3}},"line":10},"2":{"name":"(anonymous_2)","decl":{"start":{"line":14,"column":22},"end":{"line":14,"column":23}},"loc":{"start":{"line":15,"column":12},"end":{"line":20,"column":14}},"line":15},"3":{"name":"(anonymous_3)","decl":{"start":{"line":19,"column":22},"end":{"line":19,"column":23}},"loc":{"start":{"line":19,"column":31},"end":{"line":19,"column":78}},"line":19}},"branchMap":{},"s":{"0":1,"1":1,"2":18,"3":0},"f":{"0":1,"1":1,"2":18,"3":0},"b":{},"_coverageSchema":"43e27e138ebf9cfc5966b082cf9a028302ed4184","hash":"ffa2e233b51ccca8bdfe569f618cc4cb173dfd6e"}
,"/home/aditya/Documents/github/bootcamp/ReactJS/web-client/src/index.js": {"path":"/home/aditya/Documents/github/bootcamp/ReactJS/web-client/src/index.js","statementMap":{"0":{"start":{"line":11,"column":0},"end":{"line":18,"column":2}},"1":{"start":{"line":23,"column":0},"end":{"line":23,"column":27}}},"fnMap":{},"branchMap":{},"s":{"0":0,"1":0},"f":{},"b":{},"hash":"2922d9e92357b6bc7ca7988fffdb76ba10405d7d"}
,"/home/aditya/Documents/github/bootcamp/ReactJS/web-client/src/action/constants.js": {"path":"/home/aditya/Documents/github/bootcamp/ReactJS/web-client/src/action/constants.js","statementMap":{"0":{"start":{"line":3,"column":33},"end":{"line":3,"column":52}},"1":{"start":{"line":4,"column":33},"end":{"line":4,"column":52}},"2":{"start":{"line":5,"column":33},"end":{"line":5,"column":52}},"3":{"start":{"line":7,"column":35},"end":{"line":7,"column":56}},"4":{"start":{"line":8,"column":35},"end":{"line":8,"column":56}},"5":{"start":{"line":9,"column":35},"end":{"line":9,"column":56}},"6":{"start":{"line":11,"column":33},"end":{"line":11,"column":52}},"7":{"start":{"line":12,"column":33},"end":{"line":12,"column":52}},"8":{"start":{"line":13,"column":33},"end":{"line":13,"column":52}},"9":{"start":{"line":15,"column":34},"end":{"line":15,"column":54}},"10":{"start":{"line":16,"column":34},"end":{"line":16,"column":54}},"11":{"start":{"line":17,"column":34},"end":{"line":17,"column":54}},"12":{"start":{"line":21,"column":33},"end":{"line":21,"column":52}},"13":{"start":{"line":22,"column":33},"end":{"line":22,"column":52}},"14":{"start":{"line":23,"column":33},"end":{"line":23,"column":52}},"15":{"start":{"line":25,"column":35},"end":{"line":25,"column":56}},"16":{"start":{"line":26,"column":35},"end":{"line":26,"column":56}},"17":{"start":{"line":27,"column":35},"end":{"line":27,"column":56}},"18":{"start":{"line":29,"column":33},"end":{"line":29,"column":52}},"19":{"start":{"line":30,"column":33},"end":{"line":30,"column":52}},"20":{"start":{"line":31,"column":33},"end":{"line":31,"column":52}},"21":{"start":{"line":33,"column":34},"end":{"line":33,"column":54}},"22":{"start":{"line":34,"column":34},"end":{"line":34,"column":54}},"23":{"start":{"line":35,"column":34},"end":{"line":35,"column":54}},"24":{"start":{"line":39,"column":40},"end":{"line":39,"column":66}},"25":{"start":{"line":40,"column":40},"end":{"line":40,"column":66}},"26":{"start":{"line":41,"column":40},"end":{"line":41,"column":66}},"27":{"start":{"line":43,"column":42},"end":{"line":43,"column":70}},"28":{"start":{"line":44,"column":42},"end":{"line":44,"column":70}},"29":{"start":{"line":45,"column":42},"end":{"line":45,"column":70}},"30":{"start":{"line":47,"column":40},"end":{"line":47,"column":66}},"31":{"start":{"line":48,"column":40},"end":{"line":48,"column":66}},"32":{"start":{"line":49,"column":40},"end":{"line":49,"column":66}},"33":{"start":{"line":51,"column":41},"end":{"line":51,"column":68}},"34":{"start":{"line":52,"column":41},"end":{"line":52,"column":68}},"35":{"start":{"line":53,"column":41},"end":{"line":53,"column":68}},"36":{"start":{"line":56,"column":2},"end":{"line":56,"column":36}},"37":{"start":{"line":57,"column":41},"end":{"line":57,"column":68}},"38":{"start":{"line":58,"column":41},"end":{"line":58,"column":68}},"39":{"start":{"line":62,"column":34},"end":{"line":62,"column":54}},"40":{"start":{"line":63,"column":34},"end":{"line":63,"column":54}},"41":{"start":{"line":64,"column":34},"end":{"line":64,"column":54}},"42":{"start":{"line":66,"column":36},"end":{"line":66,"column":58}},"43":{"start":{"line":67,"column":36},"end":{"line":67,"column":58}},"44":{"start":{"line":68,"column":36},"end":{"line":68,"column":58}},"45":{"start":{"line":70,"column":34},"end":{"line":70,"column":54}},"46":{"start":{"line":71,"column":34},"end":{"line":71,"column":54}},"47":{"start":{"line":72,"column":34},"end":{"line":72,"column":54}},"48":{"start":{"line":74,"column":35},"end":{"line":74,"column":56}},"49":{"start":{"line":75,"column":35},"end":{"line":75,"column":56}},"50":{"start":{"line":76,"column":35},"end":{"line":76,"column":56}},"51":{"start":{"line":78,"column":37},"end":{"line":78,"column":60}},"52":{"start":{"line":79,"column":37},"end":{"line":79,"column":60}},"53":{"start":{"line":80,"column":37},"end":{"line":80,"column":60}}},"fnMap":{},"branchMap":{},"s":{"0":8,"1":8,"2":8,"3":8,"4":8,"5":8,"6":8,"7":8,"8":8,"9":8,"10":8,"11":8,"12":8,"13":8,"14":8,"15":8,"16":8,"17":8,"18":8,"19":8,"20":8,"21":8,"22":8,"23":8,"24":8,"25":8,"26":8,"27":8,"28":8,"29":8,"30":8,"31":8,"32":8,"33":8,"34":8,"35":8,"36":8,"37":8,"38":8,"39":8,"40":8,"41":8,"42":8,"43":8,"44":8,"45":8,"46":8,"47":8,"48":8,"49":8,"50":8,"51":8,"52":8,"53":8},"f":{},"b":{},"_coverageSchema":"43e27e138ebf9cfc5966b082cf9a028302ed4184","hash":"c0a1c5af20bf2ffdc4ccb08d60faebcd332bb027"}
,"/home/aditya/Documents/github/bootcamp/ReactJS/web-client/src/action/items.js": {"path":"/home/aditya/Documents/github/bootcamp/ReactJS/web-client/src/action/items.js","statementMap":{"0":{"start":{"line":18,"column":2},"end":{"line":20,"column":5}},"1":{"start":{"line":19,"column":4},"end":{"line":19,"column":38}},"2":{"start":{"line":23,"column":27},"end":{"line":34,"column":1}},"3":{"start":{"line":23,"column":33},"end":{"line":34,"column":1}},"4":{"start":{"line":24,"column":2},"end":{"line":24,"column":42}},"5":{"start":{"line":25,"column":2},"end":{"line":33,"column":7}},"6":{"start":{"line":27,"column":18},"end":{"line":27,"column":34}},"7":{"start":{"line":29,"column":6},"end":{"line":29,"column":37}},"8":{"start":{"line":32,"column":6},"end":{"line":32,"column":42}},"9":{"start":{"line":36,"column":25},"end":{"line":51,"column":1}},"10":{"start":{"line":36,"column":43},"end":{"line":51,"column":1}},"11":{"start":{"line":37,"column":2},"end":{"line":37,"column":40}},"12":{"start":{"line":39,"column":18},"end":{"line":41,"column":43}},"13":{"start":{"line":42,"column":2},"end":{"line":50,"column":7}},"14":{"start":{"line":43,"column":18},"end":{"line":43,"column":34}},"15":{"start":{"line":44,"column":18},"end":{"line":44,"column":22}},"16":{"start":{"line":46,"column":6},"end":{"line":46,"column":34}},"17":{"start":{"line":49,"column":6},"end":{"line":49,"column":35}},"18":{"start":{"line":53,"column":28},"end":{"line":65,"column":1}},"19":{"start":{"line":53,"column":34},"end":{"line":65,"column":1}},"20":{"start":{"line":54,"column":2},"end":{"line":54,"column":40}},"21":{"start":{"line":55,"column":2},"end":{"line":64,"column":7}},"22":{"start":{"line":57,"column":18},"end":{"line":57,"column":34}},"23":{"start":{"line":58,"column":18},"end":{"line":58,"column":22}},"24":{"start":{"line":60,"column":6},"end":{"line":60,"column":37}},"25":{"start":{"line":63,"column":6},"end":{"line":63,"column":39}},"26":{"start":{"line":67,"column":23},"end":{"line":86,"column":1}},"27":{"start":{"line":72,"column":11},"end":{"line":86,"column":1}},"28":{"start":{"line":73,"column":2},"end":{"line":73,"column":41}},"29":{"start":{"line":74,"column":2},"end":{"line":85,"column":7}},"30":{"start":{"line":78,"column":18},"end":{"line":78,"column":35}},"31":{"start":{"line":79,"column":18},"end":{"line":79,"column":22}},"32":{"start":{"line":81,"column":6},"end":{"line":81,"column":36}},"33":{"start":{"line":84,"column":6},"end":{"line":84,"column":38}},"34":{"start":{"line":89,"column":2},"end":{"line":92,"column":4}},"35":{"start":{"line":96,"column":2},"end":{"line":99,"column":4}},"36":{"start":{"line":102,"column":2},"end":{"line":105,"column":4}},"37":{"start":{"line":109,"column":2},"end":{"line":112,"column":4}},"38":{"start":{"line":116,"column":2},"end":{"line":119,"column":4}},"39":{"start":{"line":123,"column":2},"end":{"line":126,"column":4}},"40":{"start":{"line":130,"column":2},"end":{"line":133,"column":4}},"41":{"start":{"line":137,"column":2},"end":{"line":140,"column":4}}},"fnMap":{"0":{"name":"sleep","decl":{"start":{"line":17,"column":9},"end":{"line":17,"column":14}},"loc":{"start":{"line":17,"column":29},"end":{"line":21,"column":1}},"line":17},"1":{"name":"(anonymous_1)","decl":{"start":{"line":18,"column":21},"end":{"line":18,"column":22}},"loc":{"start":{"line":18,"column":39},"end":{"line":20,"column":3}},"line":18},"2":{"name":"(anonymous_2)","decl":{"start":{"line":23,"column":27},"end":{"line":23,"column":28}},"loc":{"start":{"line":23,"column":33},"end":{"line":34,"column":1}},"line":23},"3":{"name":"(anonymous_3)","decl":{"start":{"line":23,"column":33},"end":{"line":23,"column":34}},"loc":{"start":{"line":23,"column":45},"end":{"line":34,"column":1}},"line":23},"4":{"name":"(anonymous_4)","decl":{"start":{"line":27,"column":10},"end":{"line":27,"column":11}},"loc":{"start":{"line":27,"column":18},"end":{"line":27,"column":34}},"line":27},"5":{"name":"(anonymous_5)","decl":{"start":{"line":28,"column":10},"end":{"line":28,"column":11}},"loc":{"start":{"line":28,"column":18},"end":{"line":30,"column":5}},"line":28},"6":{"name":"(anonymous_6)","decl":{"start":{"line":31,"column":11},"end":{"line":31,"column":12}},"loc":{"start":{"line":31,"column":20},"end":{"line":33,"column":5}},"line":31},"7":{"name":"(anonymous_7)","decl":{"start":{"line":36,"column":25},"end":{"line":36,"column":26}},"loc":{"start":{"line":36,"column":43},"end":{"line":51,"column":1}},"line":36},"8":{"name":"(anonymous_8)","decl":{"start":{"line":36,"column":43},"end":{"line":36,"column":44}},"loc":{"start":{"line":36,"column":55},"end":{"line":51,"column":1}},"line":36},"9":{"name":"(anonymous_9)","decl":{"start":{"line":43,"column":10},"end":{"line":43,"column":11}},"loc":{"start":{"line":43,"column":18},"end":{"line":43,"column":34}},"line":43},"10":{"name":"(anonymous_10)","decl":{"start":{"line":44,"column":10},"end":{"line":44,"column":11}},"loc":{"start":{"line":44,"column":18},"end":{"line":44,"column":22}},"line":44},"11":{"name":"(anonymous_11)","decl":{"start":{"line":45,"column":10},"end":{"line":45,"column":11}},"loc":{"start":{"line":45,"column":18},"end":{"line":47,"column":5}},"line":45},"12":{"name":"(anonymous_12)","decl":{"start":{"line":48,"column":11},"end":{"line":48,"column":12}},"loc":{"start":{"line":48,"column":20},"end":{"line":50,"column":5}},"line":48},"13":{"name":"(anonymous_13)","decl":{"start":{"line":53,"column":28},"end":{"line":53,"column":29}},"loc":{"start":{"line":53,"column":34},"end":{"line":65,"column":1}},"line":53},"14":{"name":"(anonymous_14)","decl":{"start":{"line":53,"column":34},"end":{"line":53,"column":35}},"loc":{"start":{"line":53,"column":46},"end":{"line":65,"column":1}},"line":53},"15":{"name":"(anonymous_15)","decl":{"start":{"line":57,"column":10},"end":{"line":57,"column":11}},"loc":{"start":{"line":57,"column":18},"end":{"line":57,"column":34}},"line":57},"16":{"name":"(anonymous_16)","decl":{"start":{"line":58,"column":10},"end":{"line":58,"column":11}},"loc":{"start":{"line":58,"column":18},"end":{"line":58,"column":22}},"line":58},"17":{"name":"(anonymous_17)","decl":{"start":{"line":59,"column":10},"end":{"line":59,"column":11}},"loc":{"start":{"line":59,"column":18},"end":{"line":61,"column":5}},"line":59},"18":{"name":"(anonymous_18)","decl":{"start":{"line":62,"column":11},"end":{"line":62,"column":12}},"loc":{"start":{"line":62,"column":20},"end":{"line":64,"column":5}},"line":62},"19":{"name":"(anonymous_19)","decl":{"start":{"line":67,"column":23},"end":{"line":67,"column":24}},"loc":{"start":{"line":72,"column":11},"end":{"line":86,"column":1}},"line":72},"20":{"name":"(anonymous_20)","decl":{"start":{"line":72,"column":11},"end":{"line":72,"column":12}},"loc":{"start":{"line":72,"column":23},"end":{"line":86,"column":1}},"line":72},"21":{"name":"(anonymous_21)","decl":{"start":{"line":78,"column":10},"end":{"line":78,"column":11}},"loc":{"start":{"line":78,"column":18},"end":{"line":78,"column":35}},"line":78},"22":{"name":"(anonymous_22)","decl":{"start":{"line":79,"column":10},"end":{"line":79,"column":11}},"loc":{"start":{"line":79,"column":18},"end":{"line":79,"column":22}},"line":79},"23":{"name":"(anonymous_23)","decl":{"start":{"line":80,"column":10},"end":{"line":80,"column":11}},"loc":{"start":{"line":80,"column":18},"end":{"line":82,"column":5}},"line":80},"24":{"name":"(anonymous_24)","decl":{"start":{"line":83,"column":11},"end":{"line":83,"column":12}},"loc":{"start":{"line":83,"column":20},"end":{"line":85,"column":5}},"line":83},"25":{"name":"findByIdSucces","decl":{"start":{"line":88,"column":9},"end":{"line":88,"column":23}},"loc":{"start":{"line":88,"column":30},"end":{"line":93,"column":1}},"line":88},"26":{"name":"findByIdFailure","decl":{"start":{"line":95,"column":9},"end":{"line":95,"column":24}},"loc":{"start":{"line":95,"column":32},"end":{"line":100,"column":1}},"line":95},"27":{"name":"findAllSucces","decl":{"start":{"line":101,"column":9},"end":{"line":101,"column":22}},"loc":{"start":{"line":101,"column":29},"end":{"line":106,"column":1}},"line":101},"28":{"name":"findAllFailure","decl":{"start":{"line":108,"column":9},"end":{"line":108,"column":23}},"loc":{"start":{"line":108,"column":31},"end":{"line":113,"column":1}},"line":108},"29":{"name":"deletedSuccess","decl":{"start":{"line":115,"column":9},"end":{"line":115,"column":23}},"loc":{"start":{"line":115,"column":30},"end":{"line":120,"column":1}},"line":115},"30":{"name":"deletedItemFailure","decl":{"start":{"line":122,"column":9},"end":{"line":122,"column":27}},"loc":{"start":{"line":122,"column":35},"end":{"line":127,"column":1}},"line":122},"31":{"name":"saveFailure","decl":{"start":{"line":129,"column":9},"end":{"line":129,"column":20}},"loc":{"start":{"line":129,"column":28},"end":{"line":134,"column":1}},"line":129},"32":{"name":"saveSuccess","decl":{"start":{"line":136,"column":9},"end":{"line":136,"column":20}},"loc":{"start":{"line":136,"column":27},"end":{"line":141,"column":1}},"line":136}},"branchMap":{"0":{"loc":{"start":{"line":39,"column":18},"end":{"line":41,"column":43}},"type":"cond-expr","locations":[{"start":{"line":40,"column":6},"end":{"line":40,"column":52}},{"start":{"line":41,"column":6},"end":{"line":41,"column":43}}],"line":39},"1":{"loc":{"start":{"line":67,"column":24},"end":{"line":72,"column":6}},"type":"default-arg","locations":[{"start":{"line":72,"column":4},"end":{"line":72,"column":6}}],"line":67},"2":{"loc":{"start":{"line":69,"column":2},"end":{"line":69,"column":14}},"type":"default-arg","locations":[{"start":{"line":69,"column":9},"end":{"line":69,"column":14}}],"line":69},"3":{"loc":{"start":{"line":70,"column":2},"end":{"line":70,"column":10}},"type":"default-arg","locations":[{"start":{"line":70,"column":9},"end":{"line":70,"column":10}}],"line":70},"4":{"loc":{"start":{"line":71,"column":2},"end":{"line":71,"column":11}},"type":"default-arg","locations":[{"start":{"line":71,"column":9},"end":{"line":71,"column":11}}],"line":71}},"s":{"0":0,"1":0,"2":3,"3":0,"4":0,"5":0,"6":0,"7":0,"8":0,"9":3,"10":0,"11":0,"12":0,"13":0,"14":0,"15":0,"16":0,"17":0,"18":3,"19":0,"20":0,"21":0,"22":0,"23":0,"24":0,"25":0,"26":3,"27":0,"28":0,"29":0,"30":0,"31":0,"32":0,"33":0,"34":0,"35":0,"36":0,"37":0,"38":0,"39":0,"40":0,"41":0},"f":{"0":0,"1":0,"2":0,"3":0,"4":0,"5":0,"6":0,"7":0,"8":0,"9":0,"10":0,"11":0,"12":0,"13":0,"14":0,"15":0,"16":0,"17":0,"18":0,"19":0,"20":0,"21":0,"22":0,"23":0,"24":0,"25":0,"26":0,"27":0,"28":0,"29":0,"30":0,"31":0,"32":0},"b":{"0":[0,0],"1":[0],"2":[0],"3":[0],"4":[0]},"_coverageSchema":"43e27e138ebf9cfc5966b082cf9a028302ed4184","hash":"9edcf0eee7ab9e3626b03c29a088f26e1bfdba7a"}
,"/home/aditya/Documents/github/bootcamp/ReactJS/web-client/src/action/stocks.js": {"path":"/home/aditya/Documents/github/bootcamp/ReactJS/web-client/src/action/stocks.js","statementMap":{"0":{"start":{"line":21,"column":2},"end":{"line":23,"column":5}},"1":{"start":{"line":22,"column":4},"end":{"line":22,"column":38}},"2":{"start":{"line":26,"column":32},"end":{"line":38,"column":1}},"3":{"start":{"line":26,"column":38},"end":{"line":38,"column":1}},"4":{"start":{"line":27,"column":2},"end":{"line":27,"column":43}},"5":{"start":{"line":28,"column":2},"end":{"line":37,"column":7}},"6":{"start":{"line":30,"column":18},"end":{"line":30,"column":34}},"7":{"start":{"line":31,"column":18},"end":{"line":31,"column":22}},"8":{"start":{"line":33,"column":6},"end":{"line":33,"column":37}},"9":{"start":{"line":36,"column":6},"end":{"line":36,"column":43}},"10":{"start":{"line":40,"column":25},"end":{"line":63,"column":1}},"11":{"start":{"line":40,"column":59},"end":{"line":63,"column":1}},"12":{"start":{"line":41,"column":2},"end":{"line":41,"column":41}},"13":{"start":{"line":43,"column":18},"end":{"line":54,"column":8}},"14":{"start":{"line":55,"column":2},"end":{"line":62,"column":7}},"15":{"start":{"line":56,"column":18},"end":{"line":56,"column":22}},"16":{"start":{"line":58,"column":6},"end":{"line":58,"column":34}},"17":{"start":{"line":61,"column":6},"end":{"line":61,"column":35}},"18":{"start":{"line":65,"column":30},"end":{"line":76,"column":1}},"19":{"start":{"line":65,"column":36},"end":{"line":76,"column":1}},"20":{"start":{"line":66,"column":2},"end":{"line":66,"column":41}},"21":{"start":{"line":67,"column":2},"end":{"line":75,"column":7}},"22":{"start":{"line":69,"column":18},"end":{"line":69,"column":22}},"23":{"start":{"line":71,"column":6},"end":{"line":71,"column":37}},"24":{"start":{"line":74,"column":6},"end":{"line":74,"column":39}},"25":{"start":{"line":78,"column":23},"end":{"line":97,"column":1}},"26":{"start":{"line":83,"column":11},"end":{"line":97,"column":1}},"27":{"start":{"line":84,"column":2},"end":{"line":84,"column":42}},"28":{"start":{"line":85,"column":2},"end":{"line":96,"column":7}},"29":{"start":{"line":89,"column":18},"end":{"line":89,"column":35}},"30":{"start":{"line":90,"column":18},"end":{"line":90,"column":22}},"31":{"start":{"line":92,"column":6},"end":{"line":92,"column":36}},"32":{"start":{"line":95,"column":6},"end":{"line":95,"column":38}},"33":{"start":{"line":99,"column":27},"end":{"line":117,"column":1}},"34":{"start":{"line":104,"column":11},"end":{"line":117,"column":1}},"35":{"start":{"line":105,"column":2},"end":{"line":105,"column":44}},"36":{"start":{"line":106,"column":2},"end":{"line":116,"column":7}},"37":{"start":{"line":110,"column":18},"end":{"line":110,"column":22}},"38":{"start":{"line":112,"column":6},"end":{"line":112,"column":40}},"39":{"start":{"line":115,"column":6},"end":{"line":115,"column":42}},"40":{"start":{"line":120,"column":2},"end":{"line":123,"column":4}},"41":{"start":{"line":127,"column":2},"end":{"line":130,"column":4}},"42":{"start":{"line":134,"column":2},"end":{"line":137,"column":4}},"43":{"start":{"line":141,"column":2},"end":{"line":144,"column":4}},"44":{"start":{"line":148,"column":2},"end":{"line":151,"column":4}},"45":{"start":{"line":155,"column":2},"end":{"line":158,"column":4}},"46":{"start":{"line":162,"column":2},"end":{"line":165,"column":4}},"47":{"start":{"line":169,"column":2},"end":{"line":172,"column":4}},"48":{"start":{"line":176,"column":2},"end":{"line":179,"column":4}},"49":{"start":{"line":183,"column":2},"end":{"line":186,"column":4}}},"fnMap":{"0":{"name":"sleep","decl":{"start":{"line":20,"column":9},"end":{"line":20,"column":14}},"loc":{"start":{"line":20,"column":29},"end":{"line":24,"column":1}},"line":20},"1":{"name":"(anonymous_1)","decl":{"start":{"line":21,"column":21},"end":{"line":21,"column":22}},"loc":{"start":{"line":21,"column":39},"end":{"line":23,"column":3}},"line":21},"2":{"name":"(anonymous_2)","decl":{"start":{"line":26,"column":32},"end":{"line":26,"column":33}},"loc":{"start":{"line":26,"column":38},"end":{"line":38,"column":1}},"line":26},"3":{"name":"(anonymous_3)","decl":{"start":{"line":26,"column":38},"end":{"line":26,"column":39}},"loc":{"start":{"line":26,"column":50},"end":{"line":38,"column":1}},"line":26},"4":{"name":"(anonymous_4)","decl":{"start":{"line":30,"column":10},"end":{"line":30,"column":11}},"loc":{"start":{"line":30,"column":18},"end":{"line":30,"column":34}},"line":30},"5":{"name":"(anonymous_5)","decl":{"start":{"line":31,"column":10},"end":{"line":31,"column":11}},"loc":{"start":{"line":31,"column":18},"end":{"line":31,"column":22}},"line":31},"6":{"name":"(anonymous_6)","decl":{"start":{"line":32,"column":10},"end":{"line":32,"column":11}},"loc":{"start":{"line":32,"column":18},"end":{"line":34,"column":5}},"line":32},"7":{"name":"(anonymous_7)","decl":{"start":{"line":35,"column":11},"end":{"line":35,"column":12}},"loc":{"start":{"line":35,"column":20},"end":{"line":37,"column":5}},"line":35},"8":{"name":"(anonymous_8)","decl":{"start":{"line":40,"column":25},"end":{"line":40,"column":26}},"loc":{"start":{"line":40,"column":59},"end":{"line":63,"column":1}},"line":40},"9":{"name":"(anonymous_9)","decl":{"start":{"line":40,"column":59},"end":{"line":40,"column":60}},"loc":{"start":{"line":40,"column":71},"end":{"line":63,"column":1}},"line":40},"10":{"name":"(anonymous_10)","decl":{"start":{"line":56,"column":10},"end":{"line":56,"column":11}},"loc":{"start":{"line":56,"column":18},"end":{"line":56,"column":22}},"line":56},"11":{"name":"(anonymous_11)","decl":{"start":{"line":57,"column":10},"end":{"line":57,"column":11}},"loc":{"start":{"line":57,"column":18},"end":{"line":59,"column":5}},"line":57},"12":{"name":"(anonymous_12)","decl":{"start":{"line":60,"column":11},"end":{"line":60,"column":12}},"loc":{"start":{"line":60,"column":20},"end":{"line":62,"column":5}},"line":60},"13":{"name":"(anonymous_13)","decl":{"start":{"line":65,"column":30},"end":{"line":65,"column":31}},"loc":{"start":{"line":65,"column":36},"end":{"line":76,"column":1}},"line":65},"14":{"name":"(anonymous_14)","decl":{"start":{"line":65,"column":36},"end":{"line":65,"column":37}},"loc":{"start":{"line":65,"column":48},"end":{"line":76,"column":1}},"line":65},"15":{"name":"(anonymous_15)","decl":{"start":{"line":69,"column":10},"end":{"line":69,"column":11}},"loc":{"start":{"line":69,"column":18},"end":{"line":69,"column":22}},"line":69},"16":{"name":"(anonymous_16)","decl":{"start":{"line":70,"column":10},"end":{"line":70,"column":11}},"loc":{"start":{"line":70,"column":18},"end":{"line":72,"column":5}},"line":70},"17":{"name":"(anonymous_17)","decl":{"start":{"line":73,"column":11},"end":{"line":73,"column":12}},"loc":{"start":{"line":73,"column":20},"end":{"line":75,"column":5}},"line":73},"18":{"name":"(anonymous_18)","decl":{"start":{"line":78,"column":23},"end":{"line":78,"column":24}},"loc":{"start":{"line":83,"column":11},"end":{"line":97,"column":1}},"line":83},"19":{"name":"(anonymous_19)","decl":{"start":{"line":83,"column":11},"end":{"line":83,"column":12}},"loc":{"start":{"line":83,"column":23},"end":{"line":97,"column":1}},"line":83},"20":{"name":"(anonymous_20)","decl":{"start":{"line":89,"column":10},"end":{"line":89,"column":11}},"loc":{"start":{"line":89,"column":18},"end":{"line":89,"column":35}},"line":89},"21":{"name":"(anonymous_21)","decl":{"start":{"line":90,"column":10},"end":{"line":90,"column":11}},"loc":{"start":{"line":90,"column":18},"end":{"line":90,"column":22}},"line":90},"22":{"name":"(anonymous_22)","decl":{"start":{"line":91,"column":10},"end":{"line":91,"column":11}},"loc":{"start":{"line":91,"column":18},"end":{"line":93,"column":5}},"line":91},"23":{"name":"(anonymous_23)","decl":{"start":{"line":94,"column":11},"end":{"line":94,"column":12}},"loc":{"start":{"line":94,"column":20},"end":{"line":96,"column":5}},"line":94},"24":{"name":"(anonymous_24)","decl":{"start":{"line":99,"column":27},"end":{"line":99,"column":28}},"loc":{"start":{"line":104,"column":11},"end":{"line":117,"column":1}},"line":104},"25":{"name":"(anonymous_25)","decl":{"start":{"line":104,"column":11},"end":{"line":104,"column":12}},"loc":{"start":{"line":104,"column":23},"end":{"line":117,"column":1}},"line":104},"26":{"name":"(anonymous_26)","decl":{"start":{"line":110,"column":10},"end":{"line":110,"column":11}},"loc":{"start":{"line":110,"column":18},"end":{"line":110,"column":22}},"line":110},"27":{"name":"(anonymous_27)","decl":{"start":{"line":111,"column":10},"end":{"line":111,"column":11}},"loc":{"start":{"line":111,"column":18},"end":{"line":113,"column":5}},"line":111},"28":{"name":"(anonymous_28)","decl":{"start":{"line":114,"column":11},"end":{"line":114,"column":12}},"loc":{"start":{"line":114,"column":20},"end":{"line":116,"column":5}},"line":114},"29":{"name":"findByIdSucces","decl":{"start":{"line":119,"column":9},"end":{"line":119,"column":23}},"loc":{"start":{"line":119,"column":30},"end":{"line":124,"column":1}},"line":119},"30":{"name":"findByIdFailure","decl":{"start":{"line":126,"column":9},"end":{"line":126,"column":24}},"loc":{"start":{"line":126,"column":32},"end":{"line":131,"column":1}},"line":126},"31":{"name":"findAllSucces","decl":{"start":{"line":133,"column":9},"end":{"line":133,"column":22}},"loc":{"start":{"line":133,"column":29},"end":{"line":138,"column":1}},"line":133},"32":{"name":"findAllFailure","decl":{"start":{"line":140,"column":9},"end":{"line":140,"column":23}},"loc":{"start":{"line":140,"column":31},"end":{"line":145,"column":1}},"line":140},"33":{"name":"showSummarySucces","decl":{"start":{"line":147,"column":9},"end":{"line":147,"column":26}},"loc":{"start":{"line":147,"column":33},"end":{"line":152,"column":1}},"line":147},"34":{"name":"showSummaryFailure","decl":{"start":{"line":154,"column":9},"end":{"line":154,"column":27}},"loc":{"start":{"line":154,"column":35},"end":{"line":159,"column":1}},"line":154},"35":{"name":"deletedSuccess","decl":{"start":{"line":161,"column":9},"end":{"line":161,"column":23}},"loc":{"start":{"line":161,"column":30},"end":{"line":166,"column":1}},"line":161},"36":{"name":"deletedStockFailure","decl":{"start":{"line":168,"column":9},"end":{"line":168,"column":28}},"loc":{"start":{"line":168,"column":36},"end":{"line":173,"column":1}},"line":168},"37":{"name":"saveFailure","decl":{"start":{"line":175,"column":9},"end":{"line":175,"column":20}},"loc":{"start":{"line":175,"column":28},"end":{"line":180,"column":1}},"line":175},"38":{"name":"saveSuccess","decl":{"start":{"line":182,"column":9},"end":{"line":182,"column":20}},"loc":{"start":{"line":182,"column":27},"end":{"line":187,"column":1}},"line":182}},"branchMap":{"0":{"loc":{"start":{"line":43,"column":18},"end":{"line":54,"column":8}},"type":"cond-expr","locations":[{"start":{"line":44,"column":6},"end":{"line":49,"column":8}},{"start":{"line":50,"column":6},"end":{"line":54,"column":8}}],"line":43},"1":{"loc":{"start":{"line":78,"column":24},"end":{"line":83,"column":6}},"type":"default-arg","locations":[{"start":{"line":83,"column":4},"end":{"line":83,"column":6}}],"line":78},"2":{"loc":{"start":{"line":80,"column":2},"end":{"line":80,"column":14}},"type":"default-arg","locations":[{"start":{"line":80,"column":9},"end":{"line":80,"column":14}}],"line":80},"3":{"loc":{"start":{"line":81,"column":2},"end":{"line":81,"column":10}},"type":"default-arg","locations":[{"start":{"line":81,"column":9},"end":{"line":81,"column":10}}],"line":81},"4":{"loc":{"start":{"line":82,"column":2},"end":{"line":82,"column":11}},"type":"default-arg","locations":[{"start":{"line":82,"column":9},"end":{"line":82,"column":11}}],"line":82},"5":{"loc":{"start":{"line":99,"column":28},"end":{"line":104,"column":6}},"type":"default-arg","locations":[{"start":{"line":104,"column":4},"end":{"line":104,"column":6}}],"line":99},"6":{"loc":{"start":{"line":101,"column":2},"end":{"line":101,"column":14}},"type":"default-arg","locations":[{"start":{"line":101,"column":9},"end":{"line":101,"column":14}}],"line":101},"7":{"loc":{"start":{"line":102,"column":2},"end":{"line":102,"column":10}},"type":"default-arg","locations":[{"start":{"line":102,"column":9},"end":{"line":102,"column":10}}],"line":102},"8":{"loc":{"start":{"line":103,"column":2},"end":{"line":103,"column":11}},"type":"default-arg","locations":[{"start":{"line":103,"column":9},"end":{"line":103,"column":11}}],"line":103}},"s":{"0":0,"1":0,"2":3,"3":0,"4":0,"5":0,"6":0,"7":0,"8":0,"9":0,"10":3,"11":0,"12":0,"13":0,"14":0,"15":0,"16":0,"17":0,"18":3,"19":0,"20":0,"21":0,"22":0,"23":0,"24":0,"25":3,"26":0,"27":0,"28":0,"29":0,"30":0,"31":0,"32":0,"33":3,"34":0,"35":0,"36":0,"37":0,"38":0,"39":0,"40":0,"41":0,"42":0,"43":0,"44":0,"45":0,"46":0,"47":0,"48":0,"49":0},"f":{"0":0,"1":0,"2":0,"3":0,"4":0,"5":0,"6":0,"7":0,"8":0,"9":0,"10":0,"11":0,"12":0,"13":0,"14":0,"15":0,"16":0,"17":0,"18":0,"19":0,"20":0,"21":0,"22":0,"23":0,"24":0,"25":0,"26":0,"27":0,"28":0,"29":0,"30":0,"31":0,"32":0,"33":0,"34":0,"35":0,"36":0,"37":0,"38":0},"b":{"0":[0,0],"1":[0],"2":[0],"3":[0],"4":[0],"5":[0],"6":[0],"7":[0],"8":[0]},"_coverageSchema":"43e27e138ebf9cfc5966b082cf9a028302ed4184","hash":"884f9c245546d766d93cef441fc85eb087956ce4"}
,"/home/aditya/Documents/github/bootcamp/ReactJS/web-client/src/action/transactions.js": {"path":"/home/aditya/Documents/github/bootcamp/ReactJS/web-client/src/action/transactions.js","statementMap":{"0":{"start":{"line":21,"column":2},"end":{"line":23,"column":5}},"1":{"start":{"line":22,"column":4},"end":{"line":22,"column":38}},"2":{"start":{"line":26,"column":27},"end":{"line":38,"column":1}},"3":{"start":{"line":26,"column":33},"end":{"line":38,"column":1}},"4":{"start":{"line":27,"column":2},"end":{"line":27,"column":49}},"5":{"start":{"line":28,"column":2},"end":{"line":37,"column":7}},"6":{"start":{"line":30,"column":18},"end":{"line":30,"column":34}},"7":{"start":{"line":31,"column":18},"end":{"line":31,"column":22}},"8":{"start":{"line":33,"column":6},"end":{"line":33,"column":37}},"9":{"start":{"line":36,"column":6},"end":{"line":36,"column":49}},"10":{"start":{"line":40,"column":32},"end":{"line":60,"column":1}},"11":{"start":{"line":45,"column":6},"end":{"line":60,"column":1}},"12":{"start":{"line":46,"column":2},"end":{"line":46,"column":47}},"13":{"start":{"line":48,"column":18},"end":{"line":50,"column":71}},"14":{"start":{"line":51,"column":2},"end":{"line":59,"column":7}},"15":{"start":{"line":52,"column":18},"end":{"line":52,"column":34}},"16":{"start":{"line":53,"column":18},"end":{"line":53,"column":22}},"17":{"start":{"line":55,"column":6},"end":{"line":55,"column":34}},"18":{"start":{"line":58,"column":6},"end":{"line":58,"column":35}},"19":{"start":{"line":62,"column":24},"end":{"line":74,"column":1}},"20":{"start":{"line":62,"column":30},"end":{"line":74,"column":1}},"21":{"start":{"line":63,"column":2},"end":{"line":63,"column":47}},"22":{"start":{"line":64,"column":2},"end":{"line":73,"column":7}},"23":{"start":{"line":66,"column":18},"end":{"line":66,"column":34}},"24":{"start":{"line":67,"column":18},"end":{"line":67,"column":22}},"25":{"start":{"line":69,"column":6},"end":{"line":69,"column":37}},"26":{"start":{"line":72,"column":6},"end":{"line":72,"column":39}},"27":{"start":{"line":76,"column":27},"end":{"line":88,"column":1}},"28":{"start":{"line":76,"column":35},"end":{"line":88,"column":1}},"29":{"start":{"line":77,"column":2},"end":{"line":77,"column":55}},"30":{"start":{"line":78,"column":2},"end":{"line":87,"column":7}},"31":{"start":{"line":80,"column":18},"end":{"line":80,"column":35}},"32":{"start":{"line":81,"column":18},"end":{"line":81,"column":22}},"33":{"start":{"line":83,"column":6},"end":{"line":83,"column":40}},"34":{"start":{"line":86,"column":6},"end":{"line":86,"column":42}},"35":{"start":{"line":90,"column":23},"end":{"line":109,"column":1}},"36":{"start":{"line":95,"column":11},"end":{"line":109,"column":1}},"37":{"start":{"line":96,"column":2},"end":{"line":96,"column":48}},"38":{"start":{"line":97,"column":2},"end":{"line":108,"column":7}},"39":{"start":{"line":101,"column":18},"end":{"line":101,"column":35}},"40":{"start":{"line":102,"column":18},"end":{"line":102,"column":22}},"41":{"start":{"line":104,"column":6},"end":{"line":104,"column":36}},"42":{"start":{"line":107,"column":6},"end":{"line":107,"column":38}},"43":{"start":{"line":112,"column":2},"end":{"line":115,"column":4}},"44":{"start":{"line":119,"column":2},"end":{"line":122,"column":4}},"45":{"start":{"line":126,"column":2},"end":{"line":129,"column":4}},"46":{"start":{"line":133,"column":2},"end":{"line":136,"column":4}},"47":{"start":{"line":140,"column":2},"end":{"line":143,"column":4}},"48":{"start":{"line":147,"column":2},"end":{"line":150,"column":4}},"49":{"start":{"line":154,"column":2},"end":{"line":157,"column":4}},"50":{"start":{"line":161,"column":2},"end":{"line":164,"column":4}},"51":{"start":{"line":168,"column":2},"end":{"line":171,"column":4}},"52":{"start":{"line":175,"column":2},"end":{"line":178,"column":4}}},"fnMap":{"0":{"name":"sleep","decl":{"start":{"line":20,"column":9},"end":{"line":20,"column":14}},"loc":{"start":{"line":20,"column":29},"end":{"line":24,"column":1}},"line":20},"1":{"name":"(anonymous_1)","decl":{"start":{"line":21,"column":21},"end":{"line":21,"column":22}},"loc":{"start":{"line":21,"column":39},"end":{"line":23,"column":3}},"line":21},"2":{"name":"(anonymous_2)","decl":{"start":{"line":26,"column":27},"end":{"line":26,"column":28}},"loc":{"start":{"line":26,"column":33},"end":{"line":38,"column":1}},"line":26},"3":{"name":"(anonymous_3)","decl":{"start":{"line":26,"column":33},"end":{"line":26,"column":34}},"loc":{"start":{"line":26,"column":45},"end":{"line":38,"column":1}},"line":26},"4":{"name":"(anonymous_4)","decl":{"start":{"line":30,"column":10},"end":{"line":30,"column":11}},"loc":{"start":{"line":30,"column":18},"end":{"line":30,"column":34}},"line":30},"5":{"name":"(anonymous_5)","decl":{"start":{"line":31,"column":10},"end":{"line":31,"column":11}},"loc":{"start":{"line":31,"column":18},"end":{"line":31,"column":22}},"line":31},"6":{"name":"(anonymous_6)","decl":{"start":{"line":32,"column":10},"end":{"line":32,"column":11}},"loc":{"start":{"line":32,"column":18},"end":{"line":34,"column":5}},"line":32},"7":{"name":"(anonymous_7)","decl":{"start":{"line":35,"column":11},"end":{"line":35,"column":12}},"loc":{"start":{"line":35,"column":20},"end":{"line":37,"column":5}},"line":35},"8":{"name":"(anonymous_8)","decl":{"start":{"line":40,"column":32},"end":{"line":40,"column":33}},"loc":{"start":{"line":45,"column":6},"end":{"line":60,"column":1}},"line":45},"9":{"name":"(anonymous_9)","decl":{"start":{"line":45,"column":6},"end":{"line":45,"column":7}},"loc":{"start":{"line":45,"column":18},"end":{"line":60,"column":1}},"line":45},"10":{"name":"(anonymous_10)","decl":{"start":{"line":52,"column":10},"end":{"line":52,"column":11}},"loc":{"start":{"line":52,"column":18},"end":{"line":52,"column":34}},"line":52},"11":{"name":"(anonymous_11)","decl":{"start":{"line":53,"column":10},"end":{"line":53,"column":11}},"loc":{"start":{"line":53,"column":18},"end":{"line":53,"column":22}},"line":53},"12":{"name":"(anonymous_12)","decl":{"start":{"line":54,"column":10},"end":{"line":54,"column":11}},"loc":{"start":{"line":54,"column":18},"end":{"line":56,"column":5}},"line":54},"13":{"name":"(anonymous_13)","decl":{"start":{"line":57,"column":11},"end":{"line":57,"column":12}},"loc":{"start":{"line":57,"column":20},"end":{"line":59,"column":5}},"line":57},"14":{"name":"(anonymous_14)","decl":{"start":{"line":62,"column":24},"end":{"line":62,"column":25}},"loc":{"start":{"line":62,"column":30},"end":{"line":74,"column":1}},"line":62},"15":{"name":"(anonymous_15)","decl":{"start":{"line":62,"column":30},"end":{"line":62,"column":31}},"loc":{"start":{"line":62,"column":42},"end":{"line":74,"column":1}},"line":62},"16":{"name":"(anonymous_16)","decl":{"start":{"line":66,"column":10},"end":{"line":66,"column":11}},"loc":{"start":{"line":66,"column":18},"end":{"line":66,"column":34}},"line":66},"17":{"name":"(anonymous_17)","decl":{"start":{"line":67,"column":10},"end":{"line":67,"column":11}},"loc":{"start":{"line":67,"column":18},"end":{"line":67,"column":22}},"line":67},"18":{"name":"(anonymous_18)","decl":{"start":{"line":68,"column":10},"end":{"line":68,"column":11}},"loc":{"start":{"line":68,"column":18},"end":{"line":70,"column":5}},"line":68},"19":{"name":"(anonymous_19)","decl":{"start":{"line":71,"column":11},"end":{"line":71,"column":12}},"loc":{"start":{"line":71,"column":20},"end":{"line":73,"column":5}},"line":71},"20":{"name":"(anonymous_20)","decl":{"start":{"line":76,"column":27},"end":{"line":76,"column":28}},"loc":{"start":{"line":76,"column":35},"end":{"line":88,"column":1}},"line":76},"21":{"name":"(anonymous_21)","decl":{"start":{"line":76,"column":35},"end":{"line":76,"column":36}},"loc":{"start":{"line":76,"column":47},"end":{"line":88,"column":1}},"line":76},"22":{"name":"(anonymous_22)","decl":{"start":{"line":80,"column":10},"end":{"line":80,"column":11}},"loc":{"start":{"line":80,"column":18},"end":{"line":80,"column":35}},"line":80},"23":{"name":"(anonymous_23)","decl":{"start":{"line":81,"column":10},"end":{"line":81,"column":11}},"loc":{"start":{"line":81,"column":18},"end":{"line":81,"column":22}},"line":81},"24":{"name":"(anonymous_24)","decl":{"start":{"line":82,"column":10},"end":{"line":82,"column":11}},"loc":{"start":{"line":82,"column":18},"end":{"line":84,"column":5}},"line":82},"25":{"name":"(anonymous_25)","decl":{"start":{"line":85,"column":11},"end":{"line":85,"column":12}},"loc":{"start":{"line":85,"column":20},"end":{"line":87,"column":5}},"line":85},"26":{"name":"(anonymous_26)","decl":{"start":{"line":90,"column":23},"end":{"line":90,"column":24}},"loc":{"start":{"line":95,"column":11},"end":{"line":109,"column":1}},"line":95},"27":{"name":"(anonymous_27)","decl":{"start":{"line":95,"column":11},"end":{"line":95,"column":12}},"loc":{"start":{"line":95,"column":23},"end":{"line":109,"column":1}},"line":95},"28":{"name":"(anonymous_28)","decl":{"start":{"line":101,"column":10},"end":{"line":101,"column":11}},"loc":{"start":{"line":101,"column":18},"end":{"line":101,"column":35}},"line":101},"29":{"name":"(anonymous_29)","decl":{"start":{"line":102,"column":10},"end":{"line":102,"column":11}},"loc":{"start":{"line":102,"column":18},"end":{"line":102,"column":22}},"line":102},"30":{"name":"(anonymous_30)","decl":{"start":{"line":103,"column":10},"end":{"line":103,"column":11}},"loc":{"start":{"line":103,"column":18},"end":{"line":105,"column":5}},"line":103},"31":{"name":"(anonymous_31)","decl":{"start":{"line":106,"column":11},"end":{"line":106,"column":12}},"loc":{"start":{"line":106,"column":20},"end":{"line":108,"column":5}},"line":106},"32":{"name":"findByIdSucces","decl":{"start":{"line":111,"column":9},"end":{"line":111,"column":23}},"loc":{"start":{"line":111,"column":30},"end":{"line":116,"column":1}},"line":111},"33":{"name":"findByIdFailure","decl":{"start":{"line":118,"column":9},"end":{"line":118,"column":24}},"loc":{"start":{"line":118,"column":32},"end":{"line":123,"column":1}},"line":118},"34":{"name":"findAllSucces","decl":{"start":{"line":125,"column":9},"end":{"line":125,"column":22}},"loc":{"start":{"line":125,"column":29},"end":{"line":130,"column":1}},"line":125},"35":{"name":"findAllFailure","decl":{"start":{"line":132,"column":9},"end":{"line":132,"column":23}},"loc":{"start":{"line":132,"column":31},"end":{"line":137,"column":1}},"line":132},"36":{"name":"deletedSuccess","decl":{"start":{"line":139,"column":9},"end":{"line":139,"column":23}},"loc":{"start":{"line":139,"column":30},"end":{"line":144,"column":1}},"line":139},"37":{"name":"deletedTransactionFailure","decl":{"start":{"line":146,"column":9},"end":{"line":146,"column":34}},"loc":{"start":{"line":146,"column":42},"end":{"line":151,"column":1}},"line":146},"38":{"name":"saveFailure","decl":{"start":{"line":153,"column":9},"end":{"line":153,"column":20}},"loc":{"start":{"line":153,"column":28},"end":{"line":158,"column":1}},"line":153},"39":{"name":"saveSuccess","decl":{"start":{"line":160,"column":9},"end":{"line":160,"column":20}},"loc":{"start":{"line":160,"column":27},"end":{"line":165,"column":1}},"line":160},"40":{"name":"summaryYearSucces","decl":{"start":{"line":167,"column":9},"end":{"line":167,"column":26}},"loc":{"start":{"line":167,"column":33},"end":{"line":172,"column":1}},"line":167},"41":{"name":"summaryYearFailure","decl":{"start":{"line":174,"column":9},"end":{"line":174,"column":27}},"loc":{"start":{"line":174,"column":35},"end":{"line":179,"column":1}},"line":174}},"branchMap":{"0":{"loc":{"start":{"line":48,"column":18},"end":{"line":50,"column":71}},"type":"cond-expr","locations":[{"start":{"line":49,"column":6},"end":{"line":49,"column":80}},{"start":{"line":50,"column":6},"end":{"line":50,"column":71}}],"line":48},"1":{"loc":{"start":{"line":90,"column":24},"end":{"line":95,"column":6}},"type":"default-arg","locations":[{"start":{"line":95,"column":4},"end":{"line":95,"column":6}}],"line":90},"2":{"loc":{"start":{"line":92,"column":2},"end":{"line":92,"column":14}},"type":"default-arg","locations":[{"start":{"line":92,"column":9},"end":{"line":92,"column":14}}],"line":92},"3":{"loc":{"start":{"line":93,"column":2},"end":{"line":93,"column":10}},"type":"default-arg","locations":[{"start":{"line":93,"column":9},"end":{"line":93,"column":10}}],"line":93},"4":{"loc":{"start":{"line":94,"column":2},"end":{"line":94,"column":11}},"type":"default-arg","locations":[{"start":{"line":94,"column":9},"end":{"line":94,"column":11}}],"line":94}},"s":{"0":0,"1":0,"2":3,"3":0,"4":0,"5":0,"6":0,"7":0,"8":0,"9":0,"10":3,"11":0,"12":0,"13":0,"14":0,"15":0,"16":0,"17":0,"18":0,"19":3,"20":0,"21":0,"22":0,"23":0,"24":0,"25":0,"26":0,"27":3,"28":0,"29":0,"30":0,"31":0,"32":0,"33":0,"34":0,"35":3,"36":0,"37":0,"38":0,"39":0,"40":0,"41":0,"42":0,"43":0,"44":0,"45":0,"46":0,"47":0,"48":0,"49":0,"50":0,"51":0,"52":0},"f":{"0":0,"1":0,"2":0,"3":0,"4":0,"5":0,"6":0,"7":0,"8":0,"9":0,"10":0,"11":0,"12":0,"13":0,"14":0,"15":0,"16":0,"17":0,"18":0,"19":0,"20":0,"21":0,"22":0,"23":0,"24":0,"25":0,"26":0,"27":0,"28":0,"29":0,"30":0,"31":0,"32":0,"33":0,"34":0,"35":0,"36":0,"37":0,"38":0,"39":0,"40":0,"41":0},"b":{"0":[0,0],"1":[0],"2":[0],"3":[0],"4":[0]},"_coverageSchema":"43e27e138ebf9cfc5966b082cf9a028302ed4184","hash":"3f0ef7e433c35c5afeef535c1757dc053b6c2cdf"}
,"/home/aditya/Documents/github/bootcamp/ReactJS/web-client/src/action/units.js": {"path":"/home/aditya/Documents/github/bootcamp/ReactJS/web-client/src/action/units.js","statementMap":{"0":{"start":{"line":18,"column":2},"end":{"line":20,"column":5}},"1":{"start":{"line":19,"column":4},"end":{"line":19,"column":38}},"2":{"start":{"line":23,"column":27},"end":{"line":35,"column":1}},"3":{"start":{"line":23,"column":33},"end":{"line":35,"column":1}},"4":{"start":{"line":24,"column":2},"end":{"line":24,"column":42}},"5":{"start":{"line":25,"column":2},"end":{"line":34,"column":7}},"6":{"start":{"line":27,"column":18},"end":{"line":27,"column":34}},"7":{"start":{"line":28,"column":18},"end":{"line":28,"column":22}},"8":{"start":{"line":30,"column":6},"end":{"line":30,"column":37}},"9":{"start":{"line":33,"column":6},"end":{"line":33,"column":42}},"10":{"start":{"line":37,"column":24},"end":{"line":52,"column":1}},"11":{"start":{"line":37,"column":55},"end":{"line":52,"column":1}},"12":{"start":{"line":38,"column":2},"end":{"line":38,"column":40}},"13":{"start":{"line":40,"column":18},"end":{"line":42,"column":56}},"14":{"start":{"line":43,"column":2},"end":{"line":51,"column":7}},"15":{"start":{"line":44,"column":18},"end":{"line":44,"column":34}},"16":{"start":{"line":45,"column":18},"end":{"line":45,"column":22}},"17":{"start":{"line":47,"column":6},"end":{"line":47,"column":34}},"18":{"start":{"line":50,"column":6},"end":{"line":50,"column":35}},"19":{"start":{"line":54,"column":24},"end":{"line":66,"column":1}},"20":{"start":{"line":54,"column":30},"end":{"line":66,"column":1}},"21":{"start":{"line":55,"column":2},"end":{"line":55,"column":40}},"22":{"start":{"line":56,"column":2},"end":{"line":65,"column":7}},"23":{"start":{"line":58,"column":18},"end":{"line":58,"column":34}},"24":{"start":{"line":59,"column":18},"end":{"line":59,"column":22}},"25":{"start":{"line":61,"column":6},"end":{"line":61,"column":37}},"26":{"start":{"line":64,"column":6},"end":{"line":64,"column":39}},"27":{"start":{"line":68,"column":23},"end":{"line":87,"column":1}},"28":{"start":{"line":73,"column":11},"end":{"line":87,"column":1}},"29":{"start":{"line":74,"column":2},"end":{"line":74,"column":41}},"30":{"start":{"line":75,"column":2},"end":{"line":86,"column":7}},"31":{"start":{"line":79,"column":18},"end":{"line":79,"column":35}},"32":{"start":{"line":80,"column":18},"end":{"line":80,"column":22}},"33":{"start":{"line":82,"column":6},"end":{"line":82,"column":36}},"34":{"start":{"line":85,"column":6},"end":{"line":85,"column":38}},"35":{"start":{"line":90,"column":2},"end":{"line":93,"column":4}},"36":{"start":{"line":97,"column":2},"end":{"line":100,"column":4}},"37":{"start":{"line":103,"column":2},"end":{"line":106,"column":4}},"38":{"start":{"line":110,"column":2},"end":{"line":113,"column":4}},"39":{"start":{"line":117,"column":2},"end":{"line":120,"column":4}},"40":{"start":{"line":124,"column":2},"end":{"line":127,"column":4}},"41":{"start":{"line":131,"column":2},"end":{"line":134,"column":4}},"42":{"start":{"line":138,"column":2},"end":{"line":141,"column":4}}},"fnMap":{"0":{"name":"sleep","decl":{"start":{"line":17,"column":9},"end":{"line":17,"column":14}},"loc":{"start":{"line":17,"column":29},"end":{"line":21,"column":1}},"line":17},"1":{"name":"(anonymous_1)","decl":{"start":{"line":18,"column":21},"end":{"line":18,"column":22}},"loc":{"start":{"line":18,"column":39},"end":{"line":20,"column":3}},"line":18},"2":{"name":"(anonymous_2)","decl":{"start":{"line":23,"column":27},"end":{"line":23,"column":28}},"loc":{"start":{"line":23,"column":33},"end":{"line":35,"column":1}},"line":23},"3":{"name":"(anonymous_3)","decl":{"start":{"line":23,"column":33},"end":{"line":23,"column":34}},"loc":{"start":{"line":23,"column":45},"end":{"line":35,"column":1}},"line":23},"4":{"name":"(anonymous_4)","decl":{"start":{"line":27,"column":10},"end":{"line":27,"column":11}},"loc":{"start":{"line":27,"column":18},"end":{"line":27,"column":34}},"line":27},"5":{"name":"(anonymous_5)","decl":{"start":{"line":28,"column":10},"end":{"line":28,"column":11}},"loc":{"start":{"line":28,"column":18},"end":{"line":28,"column":22}},"line":28},"6":{"name":"(anonymous_6)","decl":{"start":{"line":29,"column":10},"end":{"line":29,"column":11}},"loc":{"start":{"line":29,"column":18},"end":{"line":31,"column":5}},"line":29},"7":{"name":"(anonymous_7)","decl":{"start":{"line":32,"column":11},"end":{"line":32,"column":12}},"loc":{"start":{"line":32,"column":20},"end":{"line":34,"column":5}},"line":32},"8":{"name":"(anonymous_8)","decl":{"start":{"line":37,"column":24},"end":{"line":37,"column":25}},"loc":{"start":{"line":37,"column":55},"end":{"line":52,"column":1}},"line":37},"9":{"name":"(anonymous_9)","decl":{"start":{"line":37,"column":55},"end":{"line":37,"column":56}},"loc":{"start":{"line":37,"column":67},"end":{"line":52,"column":1}},"line":37},"10":{"name":"(anonymous_10)","decl":{"start":{"line":44,"column":10},"end":{"line":44,"column":11}},"loc":{"start":{"line":44,"column":18},"end":{"line":44,"column":34}},"line":44},"11":{"name":"(anonymous_11)","decl":{"start":{"line":45,"column":10},"end":{"line":45,"column":11}},"loc":{"start":{"line":45,"column":18},"end":{"line":45,"column":22}},"line":45},"12":{"name":"(anonymous_12)","decl":{"start":{"line":46,"column":10},"end":{"line":46,"column":11}},"loc":{"start":{"line":46,"column":18},"end":{"line":48,"column":5}},"line":46},"13":{"name":"(anonymous_13)","decl":{"start":{"line":49,"column":11},"end":{"line":49,"column":12}},"loc":{"start":{"line":49,"column":20},"end":{"line":51,"column":5}},"line":49},"14":{"name":"(anonymous_14)","decl":{"start":{"line":54,"column":24},"end":{"line":54,"column":25}},"loc":{"start":{"line":54,"column":30},"end":{"line":66,"column":1}},"line":54},"15":{"name":"(anonymous_15)","decl":{"start":{"line":54,"column":30},"end":{"line":54,"column":31}},"loc":{"start":{"line":54,"column":42},"end":{"line":66,"column":1}},"line":54},"16":{"name":"(anonymous_16)","decl":{"start":{"line":58,"column":10},"end":{"line":58,"column":11}},"loc":{"start":{"line":58,"column":18},"end":{"line":58,"column":34}},"line":58},"17":{"name":"(anonymous_17)","decl":{"start":{"line":59,"column":10},"end":{"line":59,"column":11}},"loc":{"start":{"line":59,"column":18},"end":{"line":59,"column":22}},"line":59},"18":{"name":"(anonymous_18)","decl":{"start":{"line":60,"column":10},"end":{"line":60,"column":11}},"loc":{"start":{"line":60,"column":18},"end":{"line":62,"column":5}},"line":60},"19":{"name":"(anonymous_19)","decl":{"start":{"line":63,"column":11},"end":{"line":63,"column":12}},"loc":{"start":{"line":63,"column":20},"end":{"line":65,"column":5}},"line":63},"20":{"name":"(anonymous_20)","decl":{"start":{"line":68,"column":23},"end":{"line":68,"column":24}},"loc":{"start":{"line":73,"column":11},"end":{"line":87,"column":1}},"line":73},"21":{"name":"(anonymous_21)","decl":{"start":{"line":73,"column":11},"end":{"line":73,"column":12}},"loc":{"start":{"line":73,"column":23},"end":{"line":87,"column":1}},"line":73},"22":{"name":"(anonymous_22)","decl":{"start":{"line":79,"column":10},"end":{"line":79,"column":11}},"loc":{"start":{"line":79,"column":18},"end":{"line":79,"column":35}},"line":79},"23":{"name":"(anonymous_23)","decl":{"start":{"line":80,"column":10},"end":{"line":80,"column":11}},"loc":{"start":{"line":80,"column":18},"end":{"line":80,"column":22}},"line":80},"24":{"name":"(anonymous_24)","decl":{"start":{"line":81,"column":10},"end":{"line":81,"column":11}},"loc":{"start":{"line":81,"column":18},"end":{"line":83,"column":5}},"line":81},"25":{"name":"(anonymous_25)","decl":{"start":{"line":84,"column":11},"end":{"line":84,"column":12}},"loc":{"start":{"line":84,"column":20},"end":{"line":86,"column":5}},"line":84},"26":{"name":"findByIdSucces","decl":{"start":{"line":89,"column":9},"end":{"line":89,"column":23}},"loc":{"start":{"line":89,"column":30},"end":{"line":94,"column":1}},"line":89},"27":{"name":"findByIdFailure","decl":{"start":{"line":96,"column":9},"end":{"line":96,"column":24}},"loc":{"start":{"line":96,"column":32},"end":{"line":101,"column":1}},"line":96},"28":{"name":"findAllSucces","decl":{"start":{"line":102,"column":9},"end":{"line":102,"column":22}},"loc":{"start":{"line":102,"column":29},"end":{"line":107,"column":1}},"line":102},"29":{"name":"findAllFailure","decl":{"start":{"line":109,"column":9},"end":{"line":109,"column":23}},"loc":{"start":{"line":109,"column":31},"end":{"line":114,"column":1}},"line":109},"30":{"name":"deletedSuccess","decl":{"start":{"line":116,"column":9},"end":{"line":116,"column":23}},"loc":{"start":{"line":116,"column":30},"end":{"line":121,"column":1}},"line":116},"31":{"name":"deletedUnitFailure","decl":{"start":{"line":123,"column":9},"end":{"line":123,"column":27}},"loc":{"start":{"line":123,"column":35},"end":{"line":128,"column":1}},"line":123},"32":{"name":"saveFailure","decl":{"start":{"line":130,"column":9},"end":{"line":130,"column":20}},"loc":{"start":{"line":130,"column":28},"end":{"line":135,"column":1}},"line":130},"33":{"name":"saveSuccess","decl":{"start":{"line":137,"column":9},"end":{"line":137,"column":20}},"loc":{"start":{"line":137,"column":27},"end":{"line":142,"column":1}},"line":137}},"branchMap":{"0":{"loc":{"start":{"line":40,"column":18},"end":{"line":42,"column":56}},"type":"cond-expr","locations":[{"start":{"line":41,"column":6},"end":{"line":41,"column":65}},{"start":{"line":42,"column":6},"end":{"line":42,"column":56}}],"line":40},"1":{"loc":{"start":{"line":68,"column":24},"end":{"line":73,"column":6}},"type":"default-arg","locations":[{"start":{"line":73,"column":4},"end":{"line":73,"column":6}}],"line":68},"2":{"loc":{"start":{"line":70,"column":2},"end":{"line":70,"column":14}},"type":"default-arg","locations":[{"start":{"line":70,"column":9},"end":{"line":70,"column":14}}],"line":70},"3":{"loc":{"start":{"line":71,"column":2},"end":{"line":71,"column":10}},"type":"default-arg","locations":[{"start":{"line":71,"column":9},"end":{"line":71,"column":10}}],"line":71},"4":{"loc":{"start":{"line":72,"column":2},"end":{"line":72,"column":11}},"type":"default-arg","locations":[{"start":{"line":72,"column":9},"end":{"line":72,"column":11}}],"line":72}},"s":{"0":0,"1":0,"2":4,"3":0,"4":0,"5":0,"6":0,"7":0,"8":0,"9":0,"10":4,"11":0,"12":0,"13":0,"14":0,"15":0,"16":0,"17":0,"18":0,"19":4,"20":0,"21":0,"22":0,"23":0,"24":0,"25":0,"26":0,"27":4,"28":0,"29":0,"30":0,"31":0,"32":0,"33":0,"34":0,"35":0,"36":0,"37":0,"38":0,"39":0,"40":0,"41":0,"42":0},"f":{"0":0,"1":0,"2":0,"3":0,"4":0,"5":0,"6":0,"7":0,"8":0,"9":0,"10":0,"11":0,"12":0,"13":0,"14":0,"15":0,"16":0,"17":0,"18":0,"19":0,"20":0,"21":0,"22":0,"23":0,"24":0,"25":0,"26":0,"27":0,"28":0,"29":0,"30":0,"31":0,"32":0,"33":0},"b":{"0":[0,0],"1":[0],"2":[0],"3":[0],"4":[0]},"_coverageSchema":"43e27e138ebf9cfc5966b082cf9a028302ed4184","hash":"9309339753ed12275d2159505d3b510db8c4ca07"}
,"/home/aditya/Documents/github/bootcamp/ReactJS/web-client/src/component/header/Header.js": {"path":"/home/aditya/Documents/github/bootcamp/ReactJS/web-client/src/component/header/Header.js","statementMap":{"0":{"start":{"line":11,"column":4},"end":{"line":11,"column":17}},"1":{"start":{"line":13,"column":4},"end":{"line":16,"column":6}},"2":{"start":{"line":20,"column":22},"end":{"line":20,"column":32}},"3":{"start":{"line":21,"column":4},"end":{"line":23,"column":5}},"4":{"start":{"line":22,"column":6},"end":{"line":22,"column":41}},"5":{"start":{"line":26,"column":14},"end":{"line":28,"column":3}},"6":{"start":{"line":27,"column":4},"end":{"line":27,"column":40}},"7":{"start":{"line":30,"column":10},"end":{"line":30,"column":28}},"8":{"start":{"line":32,"column":22},"end":{"line":32,"column":61}},"9":{"start":{"line":32,"column":28},"end":{"line":32,"column":61}},"10":{"start":{"line":33,"column":24},"end":{"line":34,"column":65}},"11":{"start":{"line":34,"column":4},"end":{"line":34,"column":65}},"12":{"start":{"line":34,"column":32},"end":{"line":34,"column":63}},"13":{"start":{"line":37,"column":32},"end":{"line":37,"column":42}},"14":{"start":{"line":38,"column":24},"end":{"line":38,"column":34}},"15":{"start":{"line":39,"column":4},"end":{"line":125,"column":6}},"16":{"start":{"line":96,"column":29},"end":{"line":96,"column":60}},"17":{"start":{"line":129,"column":0},"end":{"line":131,"column":2}}},"fnMap":{"0":{"name":"(anonymous_0)","decl":{"start":{"line":10,"column":2},"end":{"line":10,"column":3}},"loc":{"start":{"line":10,"column":21},"end":{"line":17,"column":3}},"line":10},"1":{"name":"(anonymous_1)","decl":{"start":{"line":19,"column":2},"end":{"line":19,"column":3}},"loc":{"start":{"line":19,"column":32},"end":{"line":24,"column":3}},"line":19},"2":{"name":"(anonymous_2)","decl":{"start":{"line":26,"column":14},"end":{"line":26,"column":15}},"loc":{"start":{"line":26,"column":20},"end":{"line":28,"column":3}},"line":26},"3":{"name":"(anonymous_3)","decl":{"start":{"line":32,"column":22},"end":{"line":32,"column":23}},"loc":{"start":{"line":32,"column":28},"end":{"line":32,"column":61}},"line":32},"4":{"name":"(anonymous_4)","decl":{"start":{"line":33,"column":24},"end":{"line":33,"column":25}},"loc":{"start":{"line":34,"column":4},"end":{"line":34,"column":65}},"line":34},"5":{"name":"(anonymous_5)","decl":{"start":{"line":34,"column":18},"end":{"line":34,"column":19}},"loc":{"start":{"line":34,"column":32},"end":{"line":34,"column":63}},"line":34},"6":{"name":"(anonymous_6)","decl":{"start":{"line":36,"column":2},"end":{"line":36,"column":3}},"loc":{"start":{"line":36,"column":11},"end":{"line":126,"column":3}},"line":36},"7":{"name":"(anonymous_7)","decl":{"start":{"line":96,"column":23},"end":{"line":96,"column":24}},"loc":{"start":{"line":96,"column":29},"end":{"line":96,"column":60}},"line":96}},"branchMap":{"0":{"loc":{"start":{"line":21,"column":4},"end":{"line":23,"column":5}},"type":"if","locations":[{"start":{"line":21,"column":4},"end":{"line":23,"column":5}},{"start":{"line":21,"column":4},"end":{"line":23,"column":5}}],"line":21}},"s":{"0":1,"1":1,"2":0,"3":0,"4":0,"5":1,"6":0,"7":1,"8":1,"9":0,"10":1,"11":0,"12":0,"13":1,"14":1,"15":1,"16":0,"17":8},"f":{"0":1,"1":0,"2":0,"3":0,"4":0,"5":0,"6":1,"7":0},"b":{"0":[0,0]},"_coverageSchema":"43e27e138ebf9cfc5966b082cf9a028302ed4184","hash":"cb91a83fdd84db20ba069b1bef3af80c480679e4"}
,"/home/aditya/Documents/github/bootcamp/ReactJS/web-client/src/component/header/index.js": {"path":"/home/aditya/Documents/github/bootcamp/ReactJS/web-client/src/component/header/index.js","statementMap":{},"fnMap":{},"branchMap":{},"s":{},"f":{},"b":{},"_coverageSchema":"43e27e138ebf9cfc5966b082cf9a028302ed4184","hash":"58870fb314d205f90df67972e1b4dc16c0b4b9e5"}
,"/home/aditya/Documents/github/bootcamp/ReactJS/web-client/src/component/header/style.js": {"path":"/home/aditya/Documents/github/bootcamp/ReactJS/web-client/src/component/header/style.js","statementMap":{},"fnMap":{},"branchMap":{},"s":{},"f":{},"b":{},"hash":"9931c7985a181696c238885fc7526c3038d52c4e"}
,"/home/aditya/Documents/github/bootcamp/ReactJS/web-client/src/configs/routes.js": {"path":"/home/aditya/Documents/github/bootcamp/ReactJS/web-client/src/configs/routes.js","statementMap":{"0":{"start":{"line":16,"column":15},"end":{"line":92,"column":1}}},"fnMap":{},"branchMap":{},"s":{"0":2},"f":{},"b":{},"_coverageSchema":"43e27e138ebf9cfc5966b082cf9a028302ed4184","hash":"4d3b3883634a497b53623f7ce2dad11a6f7429dc"}
,"/home/aditya/Documents/github/bootcamp/ReactJS/web-client/src/configs/store.js": {"path":"/home/aditya/Documents/github/bootcamp/ReactJS/web-client/src/configs/store.js","statementMap":{"0":{"start":{"line":5,"column":25},"end":{"line":5,"column":79}},"1":{"start":{"line":6,"column":19},"end":{"line":6,"column":41}},"2":{"start":{"line":7,"column":14},"end":{"line":10,"column":1}}},"fnMap":{},"branchMap":{"0":{"loc":{"start":{"line":5,"column":25},"end":{"line":5,"column":79}},"type":"binary-expr","locations":[{"start":{"line":5,"column":25},"end":{"line":5,"column":68}},{"start":{"line":5,"column":72},"end":{"line":5,"column":79}}],"line":5}},"s":{"0":0,"1":0,"2":0},"f":{},"b":{"0":[0,0]},"hash":"3b81b2c2fa7201a7690a6608c4e93bce4c6e6da7"}
,"/home/aditya/Documents/github/bootcamp/ReactJS/web-client/src/reducers/index.js": {"path":"/home/aditya/Documents/github/bootcamp/ReactJS/web-client/src/reducers/index.js","statementMap":{},"fnMap":{},"branchMap":{},"s":{},"f":{},"b":{},"_coverageSchema":"43e27e138ebf9cfc5966b082cf9a028302ed4184","hash":"7b693c27752b21cd894e778d3cec467e87486191"}
,"/home/aditya/Documents/github/bootcamp/ReactJS/web-client/src/reducers/items.js": {"path":"/home/aditya/Documents/github/bootcamp/ReactJS/web-client/src/reducers/items.js","statementMap":{"0":{"start":{"line":16,"column":21},"end":{"line":21,"column":1}},"1":{"start":{"line":24,"column":2},"end":{"line":45,"column":3}},"2":{"start":{"line":26,"column":6},"end":{"line":30,"column":8}},"3":{"start":{"line":32,"column":6},"end":{"line":36,"column":8}},"4":{"start":{"line":38,"column":6},"end":{"line":42,"column":8}},"5":{"start":{"line":44,"column":6},"end":{"line":44,"column":19}},"6":{"start":{"line":49,"column":2},"end":{"line":70,"column":3}},"7":{"start":{"line":51,"column":6},"end":{"line":55,"column":8}},"8":{"start":{"line":57,"column":6},"end":{"line":61,"column":8}},"9":{"start":{"line":63,"column":6},"end":{"line":67,"column":8}},"10":{"start":{"line":69,"column":6},"end":{"line":69,"column":19}},"11":{"start":{"line":74,"column":2},"end":{"line":95,"column":3}},"12":{"start":{"line":76,"column":6},"end":{"line":80,"column":8}},"13":{"start":{"line":82,"column":6},"end":{"line":86,"column":8}},"14":{"start":{"line":88,"column":6},"end":{"line":92,"column":8}},"15":{"start":{"line":94,"column":6},"end":{"line":94,"column":19}},"16":{"start":{"line":99,"column":2},"end":{"line":119,"column":3}},"17":{"start":{"line":101,"column":6},"end":{"line":104,"column":8}},"18":{"start":{"line":106,"column":6},"end":{"line":110,"column":8}},"19":{"start":{"line":112,"column":6},"end":{"line":116,"column":8}},"20":{"start":{"line":118,"column":6},"end":{"line":118,"column":19}}},"fnMap":{"0":{"name":"saveItems","decl":{"start":{"line":23,"column":16},"end":{"line":23,"column":25}},"loc":{"start":{"line":23,"column":56},"end":{"line":46,"column":1}},"line":23},"1":{"name":"deletedItemById","decl":{"start":{"line":48,"column":16},"end":{"line":48,"column":31}},"loc":{"start":{"line":48,"column":62},"end":{"line":71,"column":1}},"line":48},"2":{"name":"findItemById","decl":{"start":{"line":73,"column":16},"end":{"line":73,"column":28}},"loc":{"start":{"line":73,"column":59},"end":{"line":96,"column":1}},"line":73},"3":{"name":"findItems","decl":{"start":{"line":98,"column":16},"end":{"line":98,"column":25}},"loc":{"start":{"line":98,"column":56},"end":{"line":120,"column":1}},"line":98}},"branchMap":{"0":{"loc":{"start":{"line":23,"column":26},"end":{"line":23,"column":46}},"type":"default-arg","locations":[{"start":{"line":23,"column":34},"end":{"line":23,"column":46}}],"line":23},"1":{"loc":{"start":{"line":24,"column":2},"end":{"line":45,"column":3}},"type":"switch","locations":[{"start":{"line":25,"column":4},"end":{"line":30,"column":8}},{"start":{"line":31,"column":4},"end":{"line":36,"column":8}},{"start":{"line":37,"column":4},"end":{"line":42,"column":8}},{"start":{"line":43,"column":4},"end":{"line":44,"column":19}}],"line":24},"2":{"loc":{"start":{"line":48,"column":32},"end":{"line":48,"column":52}},"type":"default-arg","locations":[{"start":{"line":48,"column":40},"end":{"line":48,"column":52}}],"line":48},"3":{"loc":{"start":{"line":49,"column":2},"end":{"line":70,"column":3}},"type":"switch","locations":[{"start":{"line":50,"column":4},"end":{"line":55,"column":8}},{"start":{"line":56,"column":4},"end":{"line":61,"column":8}},{"start":{"line":62,"column":4},"end":{"line":67,"column":8}},{"start":{"line":68,"column":4},"end":{"line":69,"column":19}}],"line":49},"4":{"loc":{"start":{"line":73,"column":29},"end":{"line":73,"column":49}},"type":"default-arg","locations":[{"start":{"line":73,"column":37},"end":{"line":73,"column":49}}],"line":73},"5":{"loc":{"start":{"line":74,"column":2},"end":{"line":95,"column":3}},"type":"switch","locations":[{"start":{"line":75,"column":4},"end":{"line":80,"column":8}},{"start":{"line":81,"column":4},"end":{"line":86,"column":8}},{"start":{"line":87,"column":4},"end":{"line":92,"column":8}},{"start":{"line":93,"column":4},"end":{"line":94,"column":19}}],"line":74},"6":{"loc":{"start":{"line":98,"column":26},"end":{"line":98,"column":46}},"type":"default-arg","locations":[{"start":{"line":98,"column":34},"end":{"line":98,"column":46}}],"line":98},"7":{"loc":{"start":{"line":99,"column":2},"end":{"line":119,"column":3}},"type":"switch","locations":[{"start":{"line":100,"column":4},"end":{"line":104,"column":8}},{"start":{"line":105,"column":4},"end":{"line":110,"column":8}},{"start":{"line":111,"column":4},"end":{"line":116,"column":8}},{"start":{"line":117,"column":4},"end":{"line":118,"column":19}}],"line":99}},"s":{"0":1,"1":3,"2":0,"3":0,"4":0,"5":3,"6":3,"7":0,"8":0,"9":0,"10":3,"11":3,"12":1,"13":0,"14":0,"15":2,"16":3,"17":0,"18":0,"19":0,"20":3},"f":{"0":3,"1":3,"2":3,"3":3},"b":{"0":[2],"1":[0,0,0,3],"2":[2],"3":[0,0,0,3],"4":[2],"5":[1,0,0,2],"6":[2],"7":[0,0,0,3]},"_coverageSchema":"43e27e138ebf9cfc5966b082cf9a028302ed4184","hash":"b54e37de76d295ae40228ec102cd22c29b2da3d6"}
,"/home/aditya/Documents/github/bootcamp/ReactJS/web-client/src/reducers/stocks.js": {"path":"/home/aditya/Documents/github/bootcamp/ReactJS/web-client/src/reducers/stocks.js","statementMap":{"0":{"start":{"line":19,"column":21},"end":{"line":19,"column":64}},"1":{"start":{"line":22,"column":2},"end":{"line":43,"column":3}},"2":{"start":{"line":24,"column":6},"end":{"line":28,"column":8}},"3":{"start":{"line":30,"column":6},"end":{"line":34,"column":8}},"4":{"start":{"line":36,"column":6},"end":{"line":40,"column":8}},"5":{"start":{"line":42,"column":6},"end":{"line":42,"column":19}},"6":{"start":{"line":47,"column":2},"end":{"line":68,"column":3}},"7":{"start":{"line":49,"column":6},"end":{"line":53,"column":8}},"8":{"start":{"line":55,"column":6},"end":{"line":59,"column":8}},"9":{"start":{"line":61,"column":6},"end":{"line":65,"column":8}},"10":{"start":{"line":67,"column":6},"end":{"line":67,"column":19}},"11":{"start":{"line":72,"column":2},"end":{"line":93,"column":3}},"12":{"start":{"line":74,"column":6},"end":{"line":78,"column":8}},"13":{"start":{"line":80,"column":6},"end":{"line":84,"column":8}},"14":{"start":{"line":86,"column":6},"end":{"line":90,"column":8}},"15":{"start":{"line":92,"column":6},"end":{"line":92,"column":19}},"16":{"start":{"line":97,"column":2},"end":{"line":117,"column":3}},"17":{"start":{"line":99,"column":6},"end":{"line":102,"column":8}},"18":{"start":{"line":104,"column":6},"end":{"line":108,"column":8}},"19":{"start":{"line":110,"column":6},"end":{"line":114,"column":8}},"20":{"start":{"line":116,"column":6},"end":{"line":116,"column":19}},"21":{"start":{"line":121,"column":2},"end":{"line":141,"column":3}},"22":{"start":{"line":123,"column":6},"end":{"line":126,"column":8}},"23":{"start":{"line":128,"column":6},"end":{"line":132,"column":8}},"24":{"start":{"line":134,"column":6},"end":{"line":138,"column":8}},"25":{"start":{"line":140,"column":6},"end":{"line":140,"column":19}}},"fnMap":{"0":{"name":"saveStock","decl":{"start":{"line":21,"column":16},"end":{"line":21,"column":25}},"loc":{"start":{"line":21,"column":56},"end":{"line":44,"column":1}},"line":21},"1":{"name":"deletedStockById","decl":{"start":{"line":46,"column":16},"end":{"line":46,"column":32}},"loc":{"start":{"line":46,"column":63},"end":{"line":69,"column":1}},"line":46},"2":{"name":"findStocksById","decl":{"start":{"line":71,"column":16},"end":{"line":71,"column":30}},"loc":{"start":{"line":71,"column":61},"end":{"line":94,"column":1}},"line":71},"3":{"name":"findStocks","decl":{"start":{"line":96,"column":16},"end":{"line":96,"column":26}},"loc":{"start":{"line":96,"column":57},"end":{"line":118,"column":1}},"line":96},"4":{"name":"showSummary","decl":{"start":{"line":120,"column":16},"end":{"line":120,"column":27}},"loc":{"start":{"line":120,"column":58},"end":{"line":142,"column":1}},"line":120}},"branchMap":{"0":{"loc":{"start":{"line":21,"column":26},"end":{"line":21,"column":46}},"type":"default-arg","locations":[{"start":{"line":21,"column":34},"end":{"line":21,"column":46}}],"line":21},"1":{"loc":{"start":{"line":22,"column":2},"end":{"line":43,"column":3}},"type":"switch","locations":[{"start":{"line":23,"column":4},"end":{"line":28,"column":8}},{"start":{"line":29,"column":4},"end":{"line":34,"column":8}},{"start":{"line":35,"column":4},"end":{"line":40,"column":8}},{"start":{"line":41,"column":4},"end":{"line":42,"column":19}}],"line":22},"2":{"loc":{"start":{"line":46,"column":33},"end":{"line":46,"column":53}},"type":"default-arg","locations":[{"start":{"line":46,"column":41},"end":{"line":46,"column":53}}],"line":46},"3":{"loc":{"start":{"line":47,"column":2},"end":{"line":68,"column":3}},"type":"switch","locations":[{"start":{"line":48,"column":4},"end":{"line":53,"column":8}},{"start":{"line":54,"column":4},"end":{"line":59,"column":8}},{"start":{"line":60,"column":4},"end":{"line":65,"column":8}},{"start":{"line":66,"column":4},"end":{"line":67,"column":19}}],"line":47},"4":{"loc":{"start":{"line":71,"column":31},"end":{"line":71,"column":51}},"type":"default-arg","locations":[{"start":{"line":71,"column":39},"end":{"line":71,"column":51}}],"line":71},"5":{"loc":{"start":{"line":72,"column":2},"end":{"line":93,"column":3}},"type":"switch","locations":[{"start":{"line":73,"column":4},"end":{"line":78,"column":8}},{"start":{"line":79,"column":4},"end":{"line":84,"column":8}},{"start":{"line":85,"column":4},"end":{"line":90,"column":8}},{"start":{"line":91,"column":4},"end":{"line":92,"column":19}}],"line":72},"6":{"loc":{"start":{"line":96,"column":27},"end":{"line":96,"column":47}},"type":"default-arg","locations":[{"start":{"line":96,"column":35},"end":{"line":96,"column":47}}],"line":96},"7":{"loc":{"start":{"line":97,"column":2},"end":{"line":117,"column":3}},"type":"switch","locations":[{"start":{"line":98,"column":4},"end":{"line":102,"column":8}},{"start":{"line":103,"column":4},"end":{"line":108,"column":8}},{"start":{"line":109,"column":4},"end":{"line":114,"column":8}},{"start":{"line":115,"column":4},"end":{"line":116,"column":19}}],"line":97},"8":{"loc":{"start":{"line":120,"column":28},"end":{"line":120,"column":48}},"type":"default-arg","locations":[{"start":{"line":120,"column":36},"end":{"line":120,"column":48}}],"line":120},"9":{"loc":{"start":{"line":121,"column":2},"end":{"line":141,"column":3}},"type":"switch","locations":[{"start":{"line":122,"column":4},"end":{"line":126,"column":8}},{"start":{"line":127,"column":4},"end":{"line":132,"column":8}},{"start":{"line":133,"column":4},"end":{"line":138,"column":8}},{"start":{"line":139,"column":4},"end":{"line":140,"column":19}}],"line":121}},"s":{"0":1,"1":3,"2":0,"3":0,"4":0,"5":3,"6":3,"7":0,"8":0,"9":0,"10":3,"11":3,"12":0,"13":0,"14":0,"15":3,"16":3,"17":0,"18":0,"19":0,"20":3,"21":3,"22":0,"23":0,"24":0,"25":3},"f":{"0":3,"1":3,"2":3,"3":3,"4":3},"b":{"0":[2],"1":[0,0,0,3],"2":[2],"3":[0,0,0,3],"4":[2],"5":[0,0,0,3],"6":[2],"7":[0,0,0,3],"8":[3],"9":[0,0,0,3]},"_coverageSchema":"43e27e138ebf9cfc5966b082cf9a028302ed4184","hash":"46e29e20d97b423d7420f31fd89225d1fc887395"}
,"/home/aditya/Documents/github/bootcamp/ReactJS/web-client/src/reducers/transactions.js": {"path":"/home/aditya/Documents/github/bootcamp/ReactJS/web-client/src/reducers/transactions.js","statementMap":{"0":{"start":{"line":19,"column":21},"end":{"line":19,"column":64}},"1":{"start":{"line":22,"column":2},"end":{"line":43,"column":3}},"2":{"start":{"line":24,"column":6},"end":{"line":28,"column":8}},"3":{"start":{"line":30,"column":6},"end":{"line":34,"column":8}},"4":{"start":{"line":36,"column":6},"end":{"line":40,"column":8}},"5":{"start":{"line":42,"column":6},"end":{"line":42,"column":19}},"6":{"start":{"line":47,"column":2},"end":{"line":68,"column":3}},"7":{"start":{"line":49,"column":6},"end":{"line":53,"column":8}},"8":{"start":{"line":55,"column":6},"end":{"line":59,"column":8}},"9":{"start":{"line":61,"column":6},"end":{"line":65,"column":8}},"10":{"start":{"line":67,"column":6},"end":{"line":67,"column":19}},"11":{"start":{"line":72,"column":2},"end":{"line":93,"column":3}},"12":{"start":{"line":74,"column":6},"end":{"line":78,"column":8}},"13":{"start":{"line":80,"column":6},"end":{"line":84,"column":8}},"14":{"start":{"line":86,"column":6},"end":{"line":90,"column":8}},"15":{"start":{"line":92,"column":6},"end":{"line":92,"column":19}},"16":{"start":{"line":97,"column":2},"end":{"line":118,"column":3}},"17":{"start":{"line":99,"column":6},"end":{"line":103,"column":8}},"18":{"start":{"line":105,"column":6},"end":{"line":109,"column":8}},"19":{"start":{"line":111,"column":6},"end":{"line":115,"column":8}},"20":{"start":{"line":117,"column":6},"end":{"line":117,"column":19}},"21":{"start":{"line":122,"column":2},"end":{"line":142,"column":3}},"22":{"start":{"line":124,"column":6},"end":{"line":127,"column":8}},"23":{"start":{"line":129,"column":6},"end":{"line":133,"column":8}},"24":{"start":{"line":135,"column":6},"end":{"line":139,"column":8}},"25":{"start":{"line":141,"column":6},"end":{"line":141,"column":19}}},"fnMap":{"0":{"name":"saveTransactions","decl":{"start":{"line":21,"column":16},"end":{"line":21,"column":32}},"loc":{"start":{"line":21,"column":63},"end":{"line":44,"column":1}},"line":21},"1":{"name":"deletedTransactionsById","decl":{"start":{"line":46,"column":16},"end":{"line":46,"column":39}},"loc":{"start":{"line":46,"column":70},"end":{"line":69,"column":1}},"line":46},"2":{"name":"findTransactionsById","decl":{"start":{"line":71,"column":16},"end":{"line":71,"column":36}},"loc":{"start":{"line":71,"column":67},"end":{"line":94,"column":1}},"line":71},"3":{"name":"findSummaryByYear","decl":{"start":{"line":96,"column":16},"end":{"line":96,"column":33}},"loc":{"start":{"line":96,"column":64},"end":{"line":119,"column":1}},"line":96},"4":{"name":"findTransactions","decl":{"start":{"line":121,"column":16},"end":{"line":121,"column":32}},"loc":{"start":{"line":121,"column":63},"end":{"line":143,"column":1}},"line":121}},"branchMap":{"0":{"loc":{"start":{"line":21,"column":33},"end":{"line":21,"column":53}},"type":"default-arg","locations":[{"start":{"line":21,"column":41},"end":{"line":21,"column":53}}],"line":21},"1":{"loc":{"start":{"line":22,"column":2},"end":{"line":43,"column":3}},"type":"switch","locations":[{"start":{"line":23,"column":4},"end":{"line":28,"column":8}},{"start":{"line":29,"column":4},"end":{"line":34,"column":8}},{"start":{"line":35,"column":4},"end":{"line":40,"column":8}},{"start":{"line":41,"column":4},"end":{"line":42,"column":19}}],"line":22},"2":{"loc":{"start":{"line":46,"column":40},"end":{"line":46,"column":60}},"type":"default-arg","locations":[{"start":{"line":46,"column":48},"end":{"line":46,"column":60}}],"line":46},"3":{"loc":{"start":{"line":47,"column":2},"end":{"line":68,"column":3}},"type":"switch","locations":[{"start":{"line":48,"column":4},"end":{"line":53,"column":8}},{"start":{"line":54,"column":4},"end":{"line":59,"column":8}},{"start":{"line":60,"column":4},"end":{"line":65,"column":8}},{"start":{"line":66,"column":4},"end":{"line":67,"column":19}}],"line":47},"4":{"loc":{"start":{"line":71,"column":37},"end":{"line":71,"column":57}},"type":"default-arg","locations":[{"start":{"line":71,"column":45},"end":{"line":71,"column":57}}],"line":71},"5":{"loc":{"start":{"line":72,"column":2},"end":{"line":93,"column":3}},"type":"switch","locations":[{"start":{"line":73,"column":4},"end":{"line":78,"column":8}},{"start":{"line":79,"column":4},"end":{"line":84,"column":8}},{"start":{"line":85,"column":4},"end":{"line":90,"column":8}},{"start":{"line":91,"column":4},"end":{"line":92,"column":19}}],"line":72},"6":{"loc":{"start":{"line":96,"column":34},"end":{"line":96,"column":54}},"type":"default-arg","locations":[{"start":{"line":96,"column":42},"end":{"line":96,"column":54}}],"line":96},"7":{"loc":{"start":{"line":97,"column":2},"end":{"line":118,"column":3}},"type":"switch","locations":[{"start":{"line":98,"column":4},"end":{"line":103,"column":8}},{"start":{"line":104,"column":4},"end":{"line":109,"column":8}},{"start":{"line":110,"column":4},"end":{"line":115,"column":8}},{"start":{"line":116,"column":4},"end":{"line":117,"column":19}}],"line":97},"8":{"loc":{"start":{"line":121,"column":33},"end":{"line":121,"column":53}},"type":"default-arg","locations":[{"start":{"line":121,"column":41},"end":{"line":121,"column":53}}],"line":121},"9":{"loc":{"start":{"line":122,"column":2},"end":{"line":142,"column":3}},"type":"switch","locations":[{"start":{"line":123,"column":4},"end":{"line":127,"column":8}},{"start":{"line":128,"column":4},"end":{"line":133,"column":8}},{"start":{"line":134,"column":4},"end":{"line":139,"column":8}},{"start":{"line":140,"column":4},"end":{"line":141,"column":19}}],"line":122}},"s":{"0":1,"1":3,"2":0,"3":0,"4":0,"5":3,"6":3,"7":0,"8":0,"9":0,"10":3,"11":3,"12":0,"13":0,"14":0,"15":3,"16":3,"17":0,"18":0,"19":0,"20":3,"21":3,"22":0,"23":0,"24":0,"25":3},"f":{"0":3,"1":3,"2":3,"3":3,"4":3},"b":{"0":[2],"1":[0,0,0,3],"2":[2],"3":[0,0,0,3],"4":[2],"5":[0,0,0,3],"6":[2],"7":[0,0,0,3],"8":[2],"9":[0,0,0,3]},"_coverageSchema":"43e27e138ebf9cfc5966b082cf9a028302ed4184","hash":"8c51d2335da6fb9fae6bc4ef6836b416532a41f2"}
,"/home/aditya/Documents/github/bootcamp/ReactJS/web-client/src/reducers/units.js": {"path":"/home/aditya/Documents/github/bootcamp/ReactJS/web-client/src/reducers/units.js","statementMap":{"0":{"start":{"line":16,"column":21},"end":{"line":16,"column":64}},"1":{"start":{"line":19,"column":2},"end":{"line":40,"column":3}},"2":{"start":{"line":21,"column":6},"end":{"line":25,"column":8}},"3":{"start":{"line":27,"column":6},"end":{"line":31,"column":8}},"4":{"start":{"line":33,"column":6},"end":{"line":37,"column":8}},"5":{"start":{"line":39,"column":6},"end":{"line":39,"column":19}},"6":{"start":{"line":44,"column":2},"end":{"line":65,"column":3}},"7":{"start":{"line":46,"column":6},"end":{"line":50,"column":8}},"8":{"start":{"line":52,"column":6},"end":{"line":56,"column":8}},"9":{"start":{"line":58,"column":6},"end":{"line":62,"column":8}},"10":{"start":{"line":64,"column":6},"end":{"line":64,"column":19}},"11":{"start":{"line":69,"column":2},"end":{"line":90,"column":3}},"12":{"start":{"line":71,"column":6},"end":{"line":75,"column":8}},"13":{"start":{"line":77,"column":6},"end":{"line":81,"column":8}},"14":{"start":{"line":83,"column":6},"end":{"line":87,"column":8}},"15":{"start":{"line":89,"column":6},"end":{"line":89,"column":19}},"16":{"start":{"line":94,"column":2},"end":{"line":114,"column":3}},"17":{"start":{"line":96,"column":6},"end":{"line":99,"column":8}},"18":{"start":{"line":101,"column":6},"end":{"line":105,"column":8}},"19":{"start":{"line":107,"column":6},"end":{"line":111,"column":8}},"20":{"start":{"line":113,"column":6},"end":{"line":113,"column":19}}},"fnMap":{"0":{"name":"saveUnit","decl":{"start":{"line":18,"column":16},"end":{"line":18,"column":24}},"loc":{"start":{"line":18,"column":55},"end":{"line":41,"column":1}},"line":18},"1":{"name":"deletedById","decl":{"start":{"line":43,"column":16},"end":{"line":43,"column":27}},"loc":{"start":{"line":43,"column":58},"end":{"line":66,"column":1}},"line":43},"2":{"name":"findUnitById","decl":{"start":{"line":68,"column":16},"end":{"line":68,"column":28}},"loc":{"start":{"line":68,"column":59},"end":{"line":91,"column":1}},"line":68},"3":{"name":"findUnits","decl":{"start":{"line":93,"column":16},"end":{"line":93,"column":25}},"loc":{"start":{"line":93,"column":56},"end":{"line":115,"column":1}},"line":93}},"branchMap":{"0":{"loc":{"start":{"line":18,"column":25},"end":{"line":18,"column":45}},"type":"default-arg","locations":[{"start":{"line":18,"column":33},"end":{"line":18,"column":45}}],"line":18},"1":{"loc":{"start":{"line":19,"column":2},"end":{"line":40,"column":3}},"type":"switch","locations":[{"start":{"line":20,"column":4},"end":{"line":25,"column":8}},{"start":{"line":26,"column":4},"end":{"line":31,"column":8}},{"start":{"line":32,"column":4},"end":{"line":37,"column":8}},{"start":{"line":38,"column":4},"end":{"line":39,"column":19}}],"line":19},"2"
[...]
":38}},"24":{"start":{"line":72,"column":17},"end":{"line":75,"column":3}},"25":{"start":{"line":73,"column":22},"end":{"line":73,"column":32}},"26":{"start":{"line":74,"column":4},"end":{"line":74,"column":74}},"27":{"start":{"line":77,"column":19},"end":{"line":80,"column":3}},"28":{"start":{"line":78,"column":22},"end":{"line":78,"column":32}},"29":{"start":{"line":79,"column":4},"end":{"line":79,"column":73}},"30":{"start":{"line":82,"column":23},"end":{"line":86,"column":3}},"31":{"start":{"line":83,"column":22},"end":{"line":83,"column":32}},"32":{"start":{"line":84,"column":17},"end":{"line":84,"column":60}},"33":{"start":{"line":85,"column":4},"end":{"line":85,"column":49}},"34":{"start":{"line":88,"column":17},"end":{"line":93,"column":3}},"35":{"start":{"line":89,"column":21},"end":{"line":89,"column":36}},"36":{"start":{"line":90,"column":14},"end":{"line":90,"column":45}},"37":{"start":{"line":91,"column":4},"end":{"line":91,"column":33}},"38":{"start":{"line":92,"column":4},"end":{"line":92,"column":17}},"39":{"start":{"line":96,"column":33},"end":{"line":96,"column":43}},"40":{"start":{"line":97,"column":42},"end":{"line":97,"column":52}},"41":{"start":{"line":99,"column":20},"end":{"line":121,"column":5}},"42":{"start":{"line":123,"column":20},"end":{"line":147,"column":5}},"43":{"start":{"line":149,"column":4},"end":{"line":185,"column":6}},"44":{"start":{"line":189,"column":24},"end":{"line":195,"column":2}},"45":{"start":{"line":189,"column":34},"end":{"line":195,"column":1}},"46":{"start":{"line":197,"column":27},"end":{"line":200,"column":1}}},"fnMap":{"0":{"name":"(anonymous_0)","decl":{"start":{"line":11,"column":2},"end":{"line":11,"column":3}},"loc":{"start":{"line":11,"column":21},"end":{"line":27,"column":3}},"line":11},"1":{"name":"(anonymous_1)","decl":{"start":{"line":29,"column":13},"end":{"line":29,"column":14}},"loc":{"start":{"line":29,"column":19},"end":{"line":31,"column":3}},"line":29},"2":{"name":"(anonymous_2)","decl":{"start":{"line":33,"column":11},"end":{"line":33,"column":12}},"loc":{"start":{"line":33,"column":17},"end":{"line":35,"column":3}},"line":33},"3":{"name":"(anonymous_3)","decl":{"start":{"line":37,"column":15},"end":{"line":37,"column":16}},"loc":{"start":{"line":37,"column":26},"end":{"line":39,"column":3}},"line":37},"4":{"name":"(anonymous_4)","decl":{"start":{"line":41,"column":10},"end":{"line":41,"column":11}},"loc":{"start":{"line":41,"column":16},"end":{"line":43,"column":3}},"line":41},"5":{"name":"(anonymous_5)","decl":{"start":{"line":45,"column":2},"end":{"line":45,"column":3}},"loc":{"start":{"line":45,"column":22},"end":{"line":47,"column":3}},"line":45},"6":{"name":"(anonymous_6)","decl":{"start":{"line":49,"column":24},"end":{"line":49,"column":25}},"loc":{"start":{"line":49,"column":40},"end":{"line":52,"column":3}},"line":49},"7":{"name":"(anonymous_7)","decl":{"start":{"line":54,"column":2},"end":{"line":54,"column":3}},"loc":{"start":{"line":54,"column":43},"end":{"line":70,"column":3}},"line":54},"8":{"name":"(anonymous_8)","decl":{"start":{"line":72,"column":17},"end":{"line":72,"column":18}},"loc":{"start":{"line":72,"column":32},"end":{"line":75,"column":3}},"line":72},"9":{"name":"(anonymous_9)","decl":{"start":{"line":77,"column":19},"end":{"line":77,"column":20}},"loc":{"start":{"line":77,"column":33},"end":{"line":80,"column":3}},"line":77},"10":{"name":"(anonymous_10)","decl":{"start":{"line":82,"column":23},"end":{"line":82,"column":24}},"loc":{"start":{"line":82,"column":53},"end":{"line":86,"column":3}},"line":82},"11":{"name":"(anonymous_11)","decl":{"start":{"line":88,"column":17},"end":{"line":88,"column":18}},"loc":{"start":{"line":88,"column":32},"end":{"line":93,"column":3}},"line":88},"12":{"name":"(anonymous_12)","decl":{"start":{"line":95,"column":2},"end":{"line":95,"column":3}},"loc":{"start":{"line":95,"column":11},"end":{"line":186,"column":3}},"line":95},"13":{"name":"(anonymous_13)","decl":{"start":{"line":189,"column":24},"end":{"line":189,"column":25}},"loc":{"start":{"line":189,"column":34},"end":{"line":195,"column":1}},"line":189}},"branchMap":{"0":{"loc":{"start":{"line":58,"column":4},"end":{"line":69,"column":5}},"type":"if","locations":[{"start":{"line":58,"column":4},"end":{"line":69,"column":5}},{"start":{"line":58,"column":4},"end":{"line":69,"column":5}}],"line":58},"1":{"loc":{"start":{"line":60,"column":11},"end":{"line":69,"column":5}},"type":"if","locations":[{"start":{"line":60,"column":11},"end":{"line":69,"column":5}},{"start":{"line":60,"column":11},"end":{"line":69,"column":5}}],"line":60},"2":{"loc":{"start":{"line":61,"column":6},"end":{"line":62,"column":41}},"type":"binary-expr","locations":[{"start":{"line":61,"column":6},"end":{"line":61,"column":31}},{"start":{"line":62,"column":6},"end":{"line":62,"column":41}}],"line":61},"3":{"loc":{"start":{"line":65,"column":11},"end":{"line":69,"column":5}},"type":"if","locations":[{"start":{"line":65,"column":11},"end":{"line":69,"column":5}},{"start":{"line":65,"column":11},"end":{"line":69,"column":5}}],"line":65},"4":{"loc":{"start":{"line":65,"column":15},"end":{"line":65,"column":67}},"type":"binary-expr","locations":[{"start":{"line":65,"column":15},"end":{"line":65,"column":26}},{"start":{"line":65,"column":30},"end":{"line":65,"column":67}}],"line":65},"5":{"loc":{"start":{"line":67,"column":11},"end":{"line":69,"column":5}},"type":"if","locations":[{"start":{"line":67,"column":11},"end":{"line":69,"column":5}},{"start":{"line":67,"column":11},"end":{"line":69,"column":5}}],"line":67},"6":{"loc":{"start":{"line":67,"column":15},"end":{"line":67,"column":49}},"type":"binary-expr","locations":[{"start":{"line":67,"column":15},"end":{"line":67,"column":20}},{"start":{"line":67,"column":24},"end":{"line":67,"column":49}}],"line":67},"7":{"loc":{"start":{"line":84,"column":17},"end":{"line":84,"column":60}},"type":"cond-expr","locations":[{"start":{"line":84,"column":46},"end":{"line":84,"column":52}},{"start":{"line":84,"column":55},"end":{"line":84,"column":60}}],"line":84},"8":{"loc":{"start":{"line":140,"column":19},"end":{"line":144,"column":11}},"type":"cond-expr","locations":[{"start":{"line":141,"column":12},"end":{"line":141,"column":32}},{"start":{"line":143,"column":12},"end":{"line":143,"column":46}}],"line":140},"9":{"loc":{"start":{"line":168,"column":22},"end":{"line":168,"column":42}},"type":"cond-expr","locations":[{"start":{"line":168,"column":33},"end":{"line":168,"column":37}},{"start":{"line":168,"column":40},"end":{"line":168,"column":42}}],"line":168},"10":{"loc":{"start":{"line":192,"column":8},"end":{"line":192,"column":34}},"type":"binary-expr","locations":[{"start":{"line":192,"column":8},"end":{"line":192,"column":28}},{"start":{"line":192,"column":32},"end":{"line":192,"column":34}}],"line":192},"11":{"loc":{"start":{"line":193,"column":11},"end":{"line":193,"column":63}},"type":"binary-expr","locations":[{"start":{"line":193,"column":11},"end":{"line":193,"column":34}},{"start":{"line":193,"column":38},"end":{"line":193,"column":63}}],"line":193}},"s":{"0":0,"1":0,"2":0,"3":0,"4":0,"5":0,"6":0,"7":0,"8":0,"9":0,"10":0,"11":0,"12":0,"13":0,"14":0,"15":0,"16":0,"17":0,"18":0,"19":0,"20":0,"21":0,"22":0,"23":0,"24":0,"25":0,"26":0,"27":0,"28":0,"29":0,"30":0,"31":0,"32":0,"33":0,"34":0,"35":0,"36":0,"37":0,"38":0,"39":0,"40":0,"41":0,"42":0,"43":0,"44":3,"45":0,"46":3},"f":{"0":0,"1":0,"2":0,"3":0,"4":0,"5":0,"6":0,"7":0,"8":0,"9":0,"10":0,"11":0,"12":0,"13":0},"b":{"0":[0,0],"1":[0,0],"2":[0,0],"3":[0,0],"4":[0,0],"5":[0,0],"6":[0,0],"7":[0,0],"8":[0,0],"9":[0,0],"10":[0,0],"11":[0,0]},"_coverageSchema":"43e27e138ebf9cfc5966b082cf9a028302ed4184","hash":"9023331714024521a86923b9a16e452b5ed4bc91"}
,"/home/aditya/Documents/github/bootcamp/ReactJS/web-client/src/scenes/unit/index.js": {"path":"/home/aditya/Documents/github/bootcamp/ReactJS/web-client/src/scenes/unit/index.js","statementMap":{},"fnMap":{},"branchMap":{},"s":{},"f":{},"b":{},"_coverageSchema":"43e27e138ebf9cfc5966b082cf9a028302ed4184","hash":"a5bf15ce9184e847a41b161f1777b93f3703b83c"}
,"/home/aditya/Documents/github/bootcamp/ReactJS/web-client/src/scenes/unit/style.js": {"path":"/home/aditya/Documents/github/bootcamp/ReactJS/web-client/src/scenes/unit/style.js","statementMap":{"0":{"start":{"line":1,"column":15},"end":{"line":23,"column":2}},"1":{"start":{"line":1,"column":25},"end":{"line":23,"column":1}}},"fnMap":{"0":{"name":"(anonymous_0)","decl":{"start":{"line":1,"column":15},"end":{"line":1,"column":16}},"loc":{"start":{"line":1,"column":25},"end":{"line":23,"column":1}},"line":1}},"branchMap":{},"s":{"0":3,"1":1},"f":{"0":1},"b":{},"_coverageSchema":"43e27e138ebf9cfc5966b082cf9a028302ed4184","hash":"b9750bd6e12f651729fc51984ccba87526a0809f"}
,"/home/aditya/Documents/github/bootcamp/ReactJS/web-client/src/scenes/unit/detail/UnitPage.js": {"path":"/home/aditya/Documents/github/bootcamp/ReactJS/web-client/src/scenes/unit/detail/UnitPage.js","statementMap":{"0":{"start":{"line":14,"column":4},"end":{"line":14,"column":17}},"1":{"start":{"line":15,"column":22},"end":{"line":15,"column":32}},"2":{"start":{"line":16,"column":4},"end":{"line":24,"column":6}},"3":{"start":{"line":27,"column":11},"end":{"line":31,"column":3}},"4":{"start":{"line":28,"column":4},"end":{"line":28,"column":27}},"5":{"start":{"line":29,"column":24},"end":{"line":29,"column":34}},"6":{"start":{"line":30,"column":4},"end":{"line":30,"column":27}},"7":{"start":{"line":34,"column":21},"end":{"line":34,"column":31}},"8":{"start":{"line":35,"column":4},"end":{"line":37,"column":5}},"9":{"start":{"line":36,"column":6},"end":{"line":36,"column":35}},"10":{"start":{"line":41,"column":58},"end":{"line":41,"column":68}},"11":{"start":{"line":43,"column":4},"end":{"line":51,"column":5}},"12":{"start":{"line":44,"column":6},"end":{"line":44,"column":36}},"13":{"start":{"line":45,"column":11},"end":{"line":51,"column":5}},"14":{"start":{"line":46,"column":6},"end":{"line":46,"column":42}},"15":{"start":{"line":47,"column":11},"end":{"line":51,"column":5}},"16":{"start":{"line":48,"column":6},"end":{"line":48,"column":38}},"17":{"start":{"line":49,"column":11},"end":{"line":51,"column":5}},"18":{"start":{"line":50,"column":6},"end":{"line":50,"column":23}},"19":{"start":{"line":54,"column":13},"end":{"line":58,"column":3}},"20":{"start":{"line":55,"column":28},"end":{"line":55,"column":40}},"21":{"start":{"line":56,"column":21},"end":{"line":56,"column":31}},"22":{"start":{"line":57,"column":4},"end":{"line":57,"column":56}},"23":{"start":{"line":60,"column":13},"end":{"line":64,"column":3}},"24":{"start":{"line":61,"column":4},"end":{"line":61,"column":27}},"25":{"start":{"line":62,"column":4},"end":{"line":62,"column":41}},"26":{"start":{"line":63,"column":4},"end":{"line":63,"column":28}},"27":{"start":{"line":67,"column":44},"end":{"line":67,"column":54}},"28":{"start":{"line":68,"column":28},"end":{"line":68,"column":38}},"29":{"start":{"line":69,"column":22},"end":{"line":69,"column":43}},"30":{"start":{"line":70,"column":4},"end":{"line":143,"column":6}},"31":{"start":{"line":129,"column":29},"end":{"line":129,"column":60}},"32":{"start":{"line":132,"column":31},"end":{"line":132,"column":62}},"33":{"start":{"line":147,"column":24},"end":{"line":153,"column":2}},"34":{"start":{"line":147,"column":34},"end":{"line":153,"column":1}},"35":{"start":{"line":155,"column":27},"end":{"line":158,"column":1}}},"fnMap":{"0":{"name":"(anonymous_0)","decl":{"start":{"line":13,"column":2},"end":{"line":13,"column":3}},"loc":{"start":{"line":13,"column":21},"end":{"line":25,"column":3}},"line":13},"1":{"name":"(anonymous_1)","decl":{"start":{"line":27,"column":11},"end":{"line":27,"column":12}},"loc":{"start":{"line":27,"column":20},"end":{"line":31,"column":3}},"line":27},"2":{"name":"(anonymous_2)","decl":{"start":{"line":33,"column":2},"end":{"line":33,"column":3}},"loc":{"start":{"line":33,"column":22},"end":{"line":38,"column":3}},"line":33},"3":{"name":"(anonymous_3)","decl":{"start":{"line":40,"column":2},"end":{"line":40,"column":3}},"loc":{"start":{"line":40,"column":43},"end":{"line":52,"column":3}},"line":40},"4":{"name":"(anonymous_4)","decl":{"start":{"line":54,"column":13},"end":{"line":54,"column":14}},"loc":{"start":{"line":54,"column":22},"end":{"line":58,"column":3}},"line":54},"5":{"name":"(anonymous_5)","decl":{"start":{"line":60,"column":13},"end":{"line":60,"column":14}},"loc":{"start":{"line":60,"column":22},"end":{"line":64,"column":3}},"line":60},"6":{"name":"(anonymous_6)","decl":{"start":{"line":66,"column":2},"end":{"line":66,"column":3}},"loc":{"start":{"line":66,"column":11},"end":{"line":144,"column":3}},"line":66},"7":{"name":"(anonymous_7)","decl":{"start":{"line":129,"column":23},"end":{"line":129,"column":24}},"loc":{"start":{"line":129,"column":29},"end":{"line":129,"column":60}},"line":129},"8":{"name":"(anonymous_8)","decl":{"start":{"line":132,"column":25},"end":{"line":132,"column":26}},"loc":{"start":{"line":132,"column":31},"end":{"line":132,"column":62}},"line":132},"9":{"name":"(anonymous_9)","decl":{"start":{"line":147,"column":24},"end":{"line":147,"column":25}},"loc":{"start":{"line":147,"column":34},"end":{"line":153,"column":1}},"line":147}},"branchMap":{"0":{"loc":{"start":{"line":35,"column":4},"end":{"line":37,"column":5}},"type":"if","locations":[{"start":{"line":35,"column":4},"end":{"line":37,"column":5}},{"start":{"line":35,"column":4},"end":{"line":37,"column":5}}],"line":35},"1":{"loc":{"start":{"line":43,"column":4},"end":{"line":51,"column":5}},"type":"if","locations":[{"start":{"line":43,"column":4},"end":{"line":51,"column":5}},{"start":{"line":43,"column":4},"end":{"line":51,"column":5}}],"line":43},"2":{"loc":{"start":{"line":45,"column":11},"end":{"line":51,"column":5}},"type":"if","locations":[{"start":{"line":45,"column":11},"end":{"line":51,"column":5}},{"start":{"line":45,"column":11},"end":{"line":51,"column":5}}],"line":45},"3":{"loc":{"start":{"line":47,"column":11},"end":{"line":51,"column":5}},"type":"if","locations":[{"start":{"line":47,"column":11},"end":{"line":51,"column":5}},{"start":{"line":47,"column":11},"end":{"line":51,"column":5}}],"line":47},"4":{"loc":{"start":{"line":49,"column":11},"end":{"line":51,"column":5}},"type":"if","locations":[{"start":{"line":49,"column":11},"end":{"line":51,"column":5}},{"start":{"line":49,"column":11},"end":{"line":51,"column":5}}],"line":49},"5":{"loc":{"start":{"line":49,"column":15},"end":{"line":49,"column":58}},"type":"binary-expr","locations":[{"start":{"line":49,"column":15},"end":{"line":49,"column":23}},{"start":{"line":49,"column":27},"end":{"line":49,"column":58}}],"line":49},"6":{"loc":{"start":{"line":69,"column":22},"end":{"line":69,"column":43}},"type":"binary-expr","locations":[{"start":{"line":69,"column":22},"end":{"line":69,"column":37}},{"start":{"line":69,"column":41},"end":{"line":69,"column":43}}],"line":69},"7":{"loc":{"start":{"line":74,"column":13},"end":{"line":125,"column":13}},"type":"cond-expr","locations":[{"start":{"line":75,"column":14},"end":{"line":122,"column":21}},{"start":{"line":124,"column":14},"end":{"line":124,"column":34}}],"line":74},"8":{"loc":{"start":{"line":76,"column":17},"end":{"line":87,"column":17}},"type":"binary-expr","locations":[{"start":{"line":76,"column":17},"end":{"line":76,"column":24}},{"start":{"line":77,"column":18},"end":{"line":86,"column":24}}],"line":76},"9":{"loc":{"start":{"line":91,"column":32},"end":{"line":91,"column":73}},"type":"cond-expr","locations":[{"start":{"line":91,"column":49},"end":{"line":91,"column":66}},{"start":{"line":91,"column":69},"end":{"line":91,"column":73}}],"line":91},"10":{"loc":{"start":{"line":149,"column":11},"end":{"line":149,"column":63}},"type":"binary-expr","locations":[{"start":{"line":149,"column":11},"end":{"line":149,"column":37}},{"start":{"line":149,"column":41},"end":{"line":149,"column":63}}],"line":149}},"s":{"0":0,"1":0,"2":0,"3":0,"4":0,"5":0,"6":0,"7":0,"8":0,"9":0,"10":0,"11":0,"12":0,"13":0,"14":0,"15":0,"16":0,"17":0,"18":0,"19":0,"20":0,"21":0,"22":0,"23":0,"24":0,"25":0,"26":0,"27":0,"28":0,"29":0,"30":0,"31":0,"32":0,"33":3,"34":0,"35":3},"f":{"0":0,"1":0,"2":0,"3":0,"4":0,"5":0,"6":0,"7":0,"8":0,"9":0},"b":{"0":[0,0],"1":[0,0],"2":[0,0],"3":[0,0],"4":[0,0],"5":[0,0],"6":[0,0],"7":[0,0],"8":[0,0],"9":[0,0],"10":[0,0]},"_coverageSchema":"43e27e138ebf9cfc5966b082cf9a028302ed4184","hash":"f7a9e599f1044d7730654e67e4a174d7446dd4be"}
,"/home/aditya/Documents/github/bootcamp/ReactJS/web-client/src/scenes/unit/detail/index.js": {"path":"/home/aditya/Documents/github/bootcamp/ReactJS/web-client/src/scenes/unit/detail/index.js","statementMap":{},"fnMap":{},"branchMap":{},"s":{},"f":{},"b":{},"_coverageSchema":"43e27e138ebf9cfc5966b082cf9a028302ed4184","hash":"985037809f06512cddaa1986037c4cbd1ffa7adf"}
,"/home/aditya/Documents/github/bootcamp/ReactJS/web-client/src/scenes/unit/detail/styles.js": {"path":"/home/aditya/Documents/github/bootcamp/ReactJS/web-client/src/scenes/unit/detail/styles.js","statementMap":{"0":{"start":{"line":1,"column":15},"end":{"line":15,"column":2}},"1":{"start":{"line":1,"column":25},"end":{"line":15,"column":1}}},"fnMap":{"0":{"name":"(anonymous_0)","decl":{"start":{"line":1,"column":15},"end":{"line":1,"column":16}},"loc":{"start":{"line":1,"column":25},"end":{"line":15,"column":1}},"line":1}},"branchMap":{},"s":{"0":3,"1":1},"f":{"0":1},"b":{},"_coverageSchema":"43e27e138ebf9cfc5966b082cf9a028302ed4184","hash":"13d9e1584e10a5640a893338f90d26c5783e0c88"}
,"/home/aditya/Documents/github/bootcamp/ReactJS/web-client/src/utils/apiUtil.js": {"path":"/home/aditya/Documents/github/bootcamp/ReactJS/web-client/src/utils/apiUtil.js","statementMap":{"0":{"start":{"line":1,"column":14},"end":{"line":1,"column":30}},"1":{"start":{"line":2,"column":22},"end":{"line":4,"column":2}},"2":{"start":{"line":7,"column":2},"end":{"line":9,"column":5}},"3":{"start":{"line":8,"column":4},"end":{"line":8,"column":38}},"4":{"start":{"line":12,"column":0},"end":{"line":25,"column":2}},"5":{"start":{"line":14,"column":21},"end":{"line":14,"column":29}},"6":{"start":{"line":15,"column":4},"end":{"line":19,"column":5}},"7":{"start":{"line":16,"column":20},"end":{"line":16,"column":62}},"8":{"start":{"line":17,"column":6},"end":{"line":17,"column":29}},"9":{"start":{"line":18,"column":6},"end":{"line":18,"column":18}},"10":{"start":{"line":20,"column":4},"end":{"line":20,"column":33}},"11":{"start":{"line":23,"column":4},"end":{"line":23,"column":33}}},"fnMap":{"0":{"name":"sleep","decl":{"start":{"line":6,"column":9},"end":{"line":6,"column":14}},"loc":{"start":{"line":6,"column":29},"end":{"line":10,"column":1}},"line":6},"1":{"name":"(anonymous_1)","decl":{"start":{"line":7,"column":21},"end":{"line":7,"column":22}},"loc":{"start":{"line":7,"column":39},"end":{"line":9,"column":3}},"line":7},"2":{"name":"(anonymous_2)","decl":{"start":{"line":13,"column":2},"end":{"line":13,"column":3}},"loc":{"start":{"line":13,"column":21},"end":{"line":21,"column":3}},"line":13},"3":{"name":"(anonymous_3)","decl":{"start":{"line":22,"column":2},"end":{"line":22,"column":3}},"loc":{"start":{"line":22,"column":18},"end":{"line":24,"column":3}},"line":22}},"branchMap":{"0":{"loc":{"start":{"line":15,"column":4},"end":{"line":19,"column":5}},"type":"if","locations":[{"start":{"line":15,"column":4},"end":{"line":19,"column":5}},{"start":{"line":15,"column":4},"end":{"line":19,"column":5}}],"line":15},"1":{"loc":{"start":{"line":16,"column":30},"end":{"line":16,"column":61}},"type":"binary-expr","locations":[{"start":{"line":16,"column":30},"end":{"line":16,"column":42}},{"start":{"line":16,"column":46},"end":{"line":16,"column":61}}],"line":16}},"s":{"0":7,"1":7,"2":0,"3":0,"4":7,"5":0,"6":0,"7":0,"8":0,"9":0,"10":0,"11":0},"f":{"0":0,"1":0,"2":0,"3":0},"b":{"0":[0,0],"1":[0,0]},"_coverageSchema":"43e27e138ebf9cfc5966b082cf9a028302ed4184","hash":"98068ca5e6b90735b842ec52c5cd6820060d4a9b"}
}
