TN:
SF:/home/aditya/Documents/github/bootcamp/ReactJS/web-client/src/App.js
FN:7,(anonymous_0)
FN:10,(anonymous_1)
FN:14,(anonymous_2)
FN:19,(anonymous_3)
FNF:4
FNH:3
FNDA:1,(anonymous_0)
FNDA:1,(anonymous_1)
FNDA:18,(anonymous_2)
FNDA:0,(anonymous_3)
DA:8,1
DA:11,1
DA:15,18
DA:19,0
LF:4
LH:3
BRF:0
BRH:0
end_of_record
TN:
SF:/home/aditya/Documents/github/bootcamp/ReactJS/web-client/src/index.js
FNF:0
FNH:0
DA:11,0
DA:23,0
LF:2
LH:0
BRF:0
BRH:0
end_of_record
TN:
SF:/home/aditya/Documents/github/bootcamp/ReactJS/web-client/src/action/constants.js
FNF:0
FNH:0
DA:3,8
DA:4,8
DA:5,8
DA:7,8
DA:8,8
DA:9,8
DA:11,8
DA:12,8
DA:13,8
DA:15,8
DA:16,8
DA:17,8
DA:21,8
DA:22,8
DA:23,8
DA:25,8
DA:26,8
DA:27,8
DA:29,8
DA:30,8
DA:31,8
DA:33,8
DA:34,8
DA:35,8
DA:39,8
DA:40,8
DA:41,8
DA:43,8
DA:44,8
DA:45,8
DA:47,8
DA:48,8
DA:49,8
DA:51,8
DA:52,8
DA:53,8
DA:56,8
DA:57,8
DA:58,8
DA:62,8
DA:63,8
DA:64,8
DA:66,8
DA:67,8
DA:68,8
DA:70,8
DA:71,8
DA:72,8
DA:74,8
DA:75,8
DA:76,8
DA:78,8
DA:79,8
DA:80,8
LF:54
LH:54
BRF:0
BRH:0
end_of_record
TN:
SF:/home/aditya/Documents/github/bootcamp/ReactJS/web-client/src/action/items.js
FN:17,sleep
FN:18,(anonymous_1)
FN:23,(anonymous_2)
FN:23,(anonymous_3)
FN:27,(anonymous_4)
FN:28,(anonymous_5)
FN:31,(anonymous_6)
FN:36,(anonymous_7)
FN:36,(anonymous_8)
FN:43,(anonymous_9)
FN:44,(anonymous_10)
FN:45,(anonymous_11)
FN:48,(anonymous_12)
FN:53,(anonymous_13)
FN:53,(anonymous_14)
FN:57,(anonymous_15)
FN:58,(anonymous_16)
FN:59,(anonymous_17)
FN:62,(anonymous_18)
FN:67,(anonymous_19)
FN:72,(anonymous_20)
FN:78,(anonymous_21)
FN:79,(anonymous_22)
FN:80,(anonymous_23)
FN:83,(anonymous_24)
FN:88,findByIdSucces
FN:95,findByIdFailure
FN:101,findAllSucces
FN:108,findAllFailure
FN:115,deletedSuccess
FN:122,deletedItemFailure
FN:129,saveFailure
FN:136,saveSuccess
FNF:33
FNH:0
FNDA:0,sleep
FNDA:0,(anonymous_1)
FNDA:0,(anonymous_2)
FNDA:0,(anonymous_3)
FNDA:0,(anonymous_4)
FNDA:0,(anonymous_5)
FNDA:0,(anonymous_6)
FNDA:0,(anonymous_7)
FNDA:0,(anonymous_8)
FNDA:0,(anonymous_9)
FNDA:0,(anonymous_10)
FNDA:0,(anonymous_11)
FNDA:0,(anonymous_12)
FNDA:0,(anonymous_13)
FNDA:0,(anonymous_14)
FNDA:0,(anonymous_15)
FNDA:0,(anonymous_16)
FNDA:0,(anonymous_17)
FNDA:0,(anonymous_18)
FNDA:0,(anonymous_19)
FNDA:0,(anonymous_20)
FNDA:0,(anonymous_21)
FNDA:0,(anonymous_22)
FNDA:0,(anonymous_23)
FNDA:0,(anonymous_24)
FNDA:0,findByIdSucces
FNDA:0,findByIdFailure
FNDA:0,findAllSucces
FNDA:0,findAllFailure
FNDA:0,deletedSuccess
FNDA:0,deletedItemFailure
FNDA:0,saveFailure
FNDA:0,saveSuccess
DA:18,0
DA:19,0
DA:23,3
DA:24,0
DA:25,0
DA:27,0
DA:29,0
DA:32,0
DA:36,3
DA:37,0
DA:39,0
DA:42,0
DA:43,0
DA:44,0
DA:46,0
DA:49,0
DA:53,3
DA:54,0
DA:55,0
DA:57,0
DA:58,0
DA:60,0
DA:63,0
DA:67,3
DA:72,0
DA:73,0
DA:74,0
DA:78,0
DA:79,0
DA:81,0
DA:84,0
DA:89,0
DA:96,0
DA:102,0
DA:109,0
DA:116,0
DA:123,0
DA:130,0
DA:137,0
LF:39
LH:4
BRDA:39,0,0,0
BRDA:39,0,1,0
BRDA:67,1,0,0
BRDA:69,2,0,0
BRDA:70,3,0,0
BRDA:71,4,0,0
BRF:6
BRH:0
end_of_record
TN:
SF:/home/aditya/Documents/github/bootcamp/ReactJS/web-client/src/action/stocks.js
FN:20,sleep
FN:21,(anonymous_1)
FN:26,(anonymous_2)
FN:26,(anonymous_3)
FN:30,(anonymous_4)
FN:31,(anonymous_5)
FN:32,(anonymous_6)
FN:35,(anonymous_7)
FN:40,(anonymous_8)
FN:40,(anonymous_9)
FN:56,(anonymous_10)
FN:57,(anonymous_11)
FN:60,(anonymous_12)
FN:65,(anonymous_13)
FN:65,(anonymous_14)
FN:69,(anonymous_15)
FN:70,(anonymous_16)
FN:73,(anonymous_17)
FN:78,(anonymous_18)
FN:83,(anonymous_19)
FN:89,(anonymous_20)
FN:90,(anonymous_21)
FN:91,(anonymous_22)
FN:94,(anonymous_23)
FN:99,(anonymous_24)
FN:104,(anonymous_25)
FN:110,(anonymous_26)
FN:111,(anonymous_27)
FN:114,(anonymous_28)
FN:119,findByIdSucces
FN:126,findByIdFailure
FN:133,findAllSucces
FN:140,findAllFailure
FN:147,showSummarySucces
FN:154,showSummaryFailure
FN:161,deletedSuccess
FN:168,deletedStockFailure
FN:175,saveFailure
FN:182,saveSuccess
FNF:39
FNH:0
FNDA:0,sleep
FNDA:0,(anonymous_1)
FNDA:0,(anonymous_2)
FNDA:0,(anonymous_3)
FNDA:0,(anonymous_4)
FNDA:0,(anonymous_5)
FNDA:0,(anonymous_6)
FNDA:0,(anonymous_7)
FNDA:0,(anonymous_8)
FNDA:0,(anonymous_9)
FNDA:0,(anonymous_10)
FNDA:0,(anonymous_11)
FNDA:0,(anonymous_12)
FNDA:0,(anonymous_13)
FNDA:0,(anonymous_14)
FNDA:0,(anonymous_15)
FNDA:0,(anonymous_16)
FNDA:0,(anonymous_17)
FNDA:0,(anonymous_18)
FNDA:0,(anonymous_19)
FNDA:0,(anonymous_20)
FNDA:0,(anonymous_21)
FNDA:0,(anonymous_22)
FNDA:0,(anonymous_23)
FNDA:0,(anonymous_24)
FNDA:0,(anonymous_25)
FNDA:0,(anonymous_26)
FNDA:0,(anonymous_27)
FNDA:0,(anonymous_28)
FNDA:0,findByIdSucces
FNDA:0,findByIdFailure
FNDA:0,findAllSucces
FNDA:0,findAllFailure
FNDA:0,showSummarySucces
FNDA:0,showSummaryFailure
FNDA:0,deletedSuccess
FNDA:0,deletedStockFailure
FNDA:0,saveFailure
FNDA:0,saveSuccess
DA:21,0
DA:22,0
DA:26,3
DA:27,0
DA:28,0
DA:30,0
DA:31,0
DA:33,0
DA:36,0
DA:40,3
DA:41,0
DA:43,0
DA:55,0
DA:56,0
DA:58,0
DA:61,0
DA:65,3
DA:66,0
DA:67,0
DA:69,0
DA:71,0
DA:74,0
DA:78,3
DA:83,0
DA:84,0
DA:85,0
DA:89,0
DA:90,0
DA:92,0
DA:95,0
DA:99,3
DA:104,0
DA:105,0
DA:106,0
DA:110,0
DA:112,0
DA:115,0
DA:120,0
DA:127,0
DA:134,0
DA:141,0
DA:148,0
DA:155,0
DA:162,0
DA:169,0
DA:176,0
DA:183,0
LF:47
LH:5
BRDA:43,0,0,0
BRDA:43,0,1,0
BRDA:78,1,0,0
BRDA:80,2,0,0
BRDA:81,3,0,0
BRDA:82,4,0,0
BRDA:99,5,0,0
BRDA:101,6,0,0
BRDA:102,7,0,0
BRDA:103,8,0,0
BRF:10
BRH:0
end_of_record
TN:
SF:/home/aditya/Documents/github/bootcamp/ReactJS/web-client/src/action/transactions.js
FN:20,sleep
FN:21,(anonymous_1)
FN:26,(anonymous_2)
FN:26,(anonymous_3)
FN:30,(anonymous_4)
FN:31,(anonymous_5)
FN:32,(anonymous_6)
FN:35,(anonymous_7)
FN:40,(anonymous_8)
FN:45,(anonymous_9)
FN:52,(anonymous_10)
FN:53,(anonymous_11)
FN:54,(anonymous_12)
FN:57,(anonymous_13)
FN:62,(anonymous_14)
FN:62,(anonymous_15)
FN:66,(anonymous_16)
FN:67,(anonymous_17)
FN:68,(anonymous_18)
FN:71,(anonymous_19)
FN:76,(anonymous_20)
FN:76,(anonymous_21)
FN:80,(anonymous_22)
FN:81,(anonymous_23)
FN:82,(anonymous_24)
FN:85,(anonymous_25)
FN:90,(anonymous_26)
FN:95,(anonymous_27)
FN:101,(anonymous_28)
FN:102,(anonymous_29)
FN:103,(anonymous_30)
FN:106,(anonymous_31)
FN:111,findByIdSucces
FN:118,findByIdFailure
FN:125,findAllSucces
FN:132,findAllFailure
FN:139,deletedSuccess
FN:146,deletedTransactionFailure
FN:153,saveFailure
FN:160,saveSuccess
FN:167,summaryYearSucces
FN:174,summaryYearFailure
FNF:42
FNH:0
FNDA:0,sleep
FNDA:0,(anonymous_1)
FNDA:0,(anonymous_2)
FNDA:0,(anonymous_3)
FNDA:0,(anonymous_4)
FNDA:0,(anonymous_5)
FNDA:0,(anonymous_6)
FNDA:0,(anonymous_7)
FNDA:0,(anonymous_8)
FNDA:0,(anonymous_9)
FNDA:0,(anonymous_10)
FNDA:0,(anonymous_11)
FNDA:0,(anonymous_12)
FNDA:0,(anonymous_13)
FNDA:0,(anonymous_14)
FNDA:0,(anonymous_15)
FNDA:0,(anonymous_16)
FNDA:0,(anonymous_17)
FNDA:0,(anonymous_18)
FNDA:0,(anonymous_19)
FNDA:0,(anonymous_20)
FNDA:0,(anonymous_21)
FNDA:0,(anonymous_22)
FNDA:0,(anonymous_23)
FNDA:0,(anonymous_24)
FNDA:0,(anonymous_25)
FNDA:0,(anonymous_26)
FNDA:0,(anonymous_27)
FNDA:0,(anonymous_28)
FNDA:0,(anonymous_29)
FNDA:0,(anonymous_30)
FNDA:0,(anonymous_31)
FNDA:0,findByIdSucces
FNDA:0,findByIdFailure
FNDA:0,findAllSucces
FNDA:0,findAllFailure
FNDA:0,deletedSuccess
FNDA:0,deletedTransactionFailure
FNDA:0,saveFailure
FNDA:0,saveSuccess
FNDA:0,summaryYearSucces
FNDA:0,summaryYearFailure
DA:21,0
DA:22,0
DA:26,3
DA:27,0
DA:28,0
DA:30,0
DA:31,0
DA:33,0
DA:36,0
DA:40,3
DA:45,0
DA:46,0
DA:48,0
DA:51,0
DA:52,0
DA:53,0
DA:55,0
DA:58,0
DA:62,3
DA:63,0
DA:64,0
DA:66,0
DA:67,0
DA:69,0
DA:72,0
DA:76,3
DA:77,0
DA:78,0
DA:80,0
DA:81,0
DA:83,0
DA:86,0
DA:90,3
DA:95,0
DA:96,0
DA:97,0
DA:101,0
DA:102,0
DA:104,0
DA:107,0
DA:112,0
DA:119,0
DA:126,0
DA:133,0
DA:140,0
DA:147,0
DA:154,0
DA:161,0
DA:168,0
DA:175,0
LF:50
LH:5
BRDA:48,0,0,0
BRDA:48,0,1,0
BRDA:90,1,0,0
BRDA:92,2,0,0
BRDA:93,3,0,0
BRDA:94,4,0,0
BRF:6
BRH:0
end_of_record
TN:
SF:/home/aditya/Documents/github/bootcamp/ReactJS/web-client/src/action/units.js
FN:17,sleep
FN:18,(anonymous_1)
FN:23,(anonymous_2)
FN:23,(anonymous_3)
FN:27,(anonymous_4)
FN:28,(anonymous_5)
FN:29,(anonymous_6)
FN:32,(anonymous_7)
FN:37,(anonymous_8)
FN:37,(anonymous_9)
FN:44,(anonymous_10)
FN:45,(anonymous_11)
FN:46,(anonymous_12)
FN:49,(anonymous_13)
FN:54,(anonymous_14)
FN:54,(anonymous_15)
FN:58,(anonymous_16)
FN:59,(anonymous_17)
FN:60,(anonymous_18)
FN:63,(anonymous_19)
FN:68,(anonymous_20)
FN:73,(anonymous_21)
FN:79,(anonymous_22)
FN:80,(anonymous_23)
FN:81,(anonymous_24)
FN:84,(anonymous_25)
FN:89,findByIdSucces
FN:96,findByIdFailure
FN:102,findAllSucces
FN:109,findAllFailure
FN:116,deletedSuccess
FN:123,deletedUnitFailure
FN:130,saveFailure
FN:137,saveSuccess
FNF:34
FNH:0
FNDA:0,sleep
FNDA:0,(anonymous_1)
FNDA:0,(anonymous_2)
FNDA:0,(anonymous_3)
FNDA:0,(anonymous_4)
FNDA:0,(anonymous_5)
FNDA:0,(anonymous_6)
FNDA:0,(anonymous_7)
FNDA:0,(anonymous_8)
FNDA:0,(anonymous_9)
FNDA:0,(anonymous_10)
FNDA:0,(anonymous_11)
FNDA:0,(anonymous_12)
FNDA:0,(anonymous_13)
FNDA:0,(anonymous_14)
FNDA:0,(anonymous_15)
FNDA:0,(anonymous_16)
FNDA:0,(anonymous_17)
FNDA:0,(anonymous_18)
FNDA:0,(anonymous_19)
FNDA:0,(anonymous_20)
FNDA:0,(anonymous_21)
FNDA:0,(anonymous_22)
FNDA:0,(anonymous_23)
FNDA:0,(anonymous_24)
FNDA:0,(anonymous_25)
FNDA:0,findByIdSucces
FNDA:0,findByIdFailure
FNDA:0,findAllSucces
FNDA:0,findAllFailure
FNDA:0,deletedSuccess
FNDA:0,deletedUnitFailure
FNDA:0,saveFailure
FNDA:0,saveSuccess
DA:18,0
DA:19,0
DA:23,4
DA:24,0
DA:25,0
DA:27,0
DA:28,0
DA:30,0
DA:33,0
DA:37,4
DA:38,0
DA:40,0
DA:43,0
DA:44,0
DA:45,0
DA:47,0
DA:50,0
DA:54,4
DA:55,0
DA:56,0
DA:58,0
DA:59,0
DA:61,0
DA:64,0
DA:68,4
DA:73,0
DA:74,0
DA:75,0
DA:79,0
DA:80,0
DA:82,0
DA:85,0
DA:90,0
DA:97,0
DA:103,0
DA:110,0
DA:117,0
DA:124,0
DA:131,0
DA:138,0
LF:40
LH:4
BRDA:40,0,0,0
BRDA:40,0,1,0
BRDA:68,1,0,0
BRDA:70,2,0,0
BRDA:71,3,0,0
BRDA:72,4,0,0
BRF:6
BRH:0
end_of_record
TN:
SF:/home/aditya/Documents/github/bootcamp/ReactJS/web-client/src/component/header/Header.js
FN:10,(anonymous_0)
FN:19,(anonymous_1)
FN:26,(anonymous_2)
FN:32,(anonymous_3)
FN:33,(anonymous_4)
FN:34,(anonymous_5)
FN:36,(anonymous_6)
FN:96,(anonymous_7)
FNF:8
FNH:2
FNDA:1,(anonymous_0)
FNDA:0,(anonymous_1)
FNDA:0,(anonymous_2)
FNDA:0,(anonymous_3)
FNDA:0,(anonymous_4)
FNDA:0,(anonymous_5)
FNDA:1,(anonymous_6)
FNDA:0,(anonymous_7)
DA:11,1
DA:13,1
DA:20,0
DA:21,0
DA:22,0
DA:26,1
DA:27,0
DA:30,1
DA:32,1
DA:33,1
DA:34,0
DA:37,1
DA:38,1
DA:39,1
DA:96,0
DA:129,8
LF:16
LH:10
BRDA:21,0,0,0
BRDA:21,0,1,0
BRF:2
BRH:0
end_of_record
TN:
SF:/home/aditya/Documents/github/bootcamp/ReactJS/web-client/src/component/header/index.js
FNF:0
FNH:0
LF:0
LH:0
BRF:0
BRH:0
end_of_record
TN:
SF:/home/aditya/Documents/github/bootcamp/ReactJS/web-client/src/component/header/style.js
FNF:0
FNH:0
LF:0
LH:0
BRF:0
BRH:0
end_of_record
TN:
SF:/home/aditya/Documents/github/bootcamp/ReactJS/web-client/src/configs/routes.js
FNF:0
FNH:0
DA:16,2
LF:1
LH:1
BRF:0
BRH:0
end_of_record
TN:
SF:/home/aditya/Documents/github/bootcamp/ReactJS/web-client/src/configs/store.js
FNF:0
FNH:0
DA:5,0
DA:6,0
DA:7,0
LF:3
LH:0
BRDA:5,0,0,0
BRDA:5,0,1,0
BRF:2
BRH:0
end_of_record
TN:
SF:/home/aditya/Documents/github/bootcamp/ReactJS/web-client/src/reducers/index.js
FNF:0
FNH:0
LF:0
LH:0
BRF:0
BRH:0
end_of_record
TN:
SF:/home/aditya/Documents/github/bootcamp/ReactJS/web-client/src/reducers/items.js
FN:23,saveItems
FN:48,deletedItemById
FN:73,findItemById
FN:98,findItems
FNF:4
FNH:4
FNDA:3,saveItems
FNDA:3,deletedItemById
FNDA:3,findItemById
FNDA:3,findItems
DA:16,1
DA:24,3
DA:26,0
DA:32,0
DA:38,0
DA:44,3
DA:49,3
DA:51,0
DA:57,0
DA:63,0
DA:69,3
DA:74,3
DA:76,1
DA:82,0
DA:88,0
DA:94,2
DA:99,3
DA:101,0
DA:106,0
DA:112,0
DA:118,3
LF:21
LH:10
BRDA:23,0,0,2
BRDA:24,1,0,0
BRDA:24,1,1,0
BRDA:24,1,2,0
BRDA:24,1,3,3
BRDA:48,2,0,2
BRDA:49,3,0,0
BRDA:49,3,1,0
BRDA:49,3,2,0
BRDA:49,3,3,3
BRDA:73,4,0,2
BRDA:74,5,0,1
BRDA:74,5,1,0
BRDA:74,5,2,0
BRDA:74,5,3,2
BRDA:98,6,0,2
BRDA:99,7,0,0
BRDA:99,7,1,0
BRDA:99,7,2,0
BRDA:99,7,3,3
BRF:20
BRH:9
end_of_record
TN:
SF:/home/aditya/Documents/github/bootcamp/ReactJS/web-client/src/reducers/stocks.js
FN:21,saveStock
FN:46,deletedStockById
FN:71,findStocksById
FN:96,findStocks
FN:120,showSummary
FNF:5
FNH:5
FNDA:3,saveStock
FNDA:3,deletedStockById
FNDA:3,findStocksById
FNDA:3,findStocks
FNDA:3,showSummary
DA:19,1
DA:22,3
DA:24,0
DA:30,0
DA:36,0
DA:42,3
DA:47,3
DA:49,0
DA:55,0
DA:61,0
DA:67,3
DA:72,3
DA:74,0
DA:80,0
DA:86,0
DA:92,3
DA:97,3
DA:99,0
DA:104,0
DA:110,0
DA:116,3
DA:121,3
DA:123,0
DA:128,0
DA:134,0
DA:140,3
LF:26
LH:11
BRDA:21,0,0,2
BRDA:22,1,0,0
BRDA:22,1,1,0
BRDA:22,1,2,0
BRDA:22,1,3,3
BRDA:46,2,0,2
BRDA:47,3,0,0
BRDA:47,3,1,0
BRDA:47,3,2,0
BRDA:47,3,3,3
BRDA:71,4,0,2
BRDA:72,5,0,0
BRDA:72,5,1,0
BRDA:72,5,2,0
BRDA:72,5,3,3
BRDA:96,6,0,2
BRDA:97,7,0,0
BRDA:97,7,1,0
BRDA:97,7,2,0
BRDA:97,7,3,3
BRDA:120,8,0,3
BRDA:121,9,0,0
BRDA:121,9,1,0
BRDA:121,9,2,0
BRDA:121,9,3,3
BRF:25
BRH:10
end_of_record
TN:
SF:/home/aditya/Documents/github/bootcamp/ReactJS/web-client/src/reducers/transactions.js
FN:21,saveTransactions
FN:46,deletedTransactionsById
FN:71,findTransactionsById
FN:96,findSummaryByYear
FN:121,findTransactions
FNF:5
FNH:5
FNDA:3,saveTransactions
FNDA:3,deletedTransactionsById
FNDA:3,findTransactionsById
FNDA:3,findSummaryByYear
FNDA:3,findTransactions
DA:19,1
DA:22,3
DA:24,0
DA:30,0
DA:36,0
DA:42,3
DA:47,3
DA:49,0
DA:55,0
DA:61,0
DA:67,3
DA:72,3
DA:74,0
DA:80,0
DA:86,0
DA:92,3
DA:97,3
DA:99,0
DA:105,0
DA:111,0
DA:117,3
DA:122,3
DA:124,0
DA:129,0
DA:135,0
DA:141,3
LF:26
LH:11
BRDA:21,0,0,2
BRDA:22,1,0,0
BRDA:22,1,1,0
BRDA:22,1,2,0
BRDA:22,1,3,3
BRDA:46,2,0,2
BRDA:47,3,0,0
BRDA:47,3,1,0
BRDA:47,3,2,0
BRDA:47,3,3,3
BRDA:71,4,0,2
BRDA:72,5,0,0
BRDA:72,5,1,0
BRDA:72,5,2,0
BRDA:72,5,3,3
BRDA:96,6,0,2
BRDA:97,7,0,0
BRDA:97,7,1,0
BRDA:97,7,2,0
BRDA:97,7,3,3
BRDA:121,8,0,2
BRDA:122,9,0,0
BRDA:122,9,1,0
BRDA:122,9,2,0
BRDA:122,9,3,3
BRF:25
BRH:10
end_of_record
TN:
SF:/home/aditya/Documents/github/bootcamp/ReactJS/web-client/src/reducers/units.js
FN:18,saveUnit
FN:43,deletedById
FN:68,findUnitById
FN:93,findUnits
FNF:4
FNH:4
FNDA:3,saveUnit
FNDA:3,deletedById
FNDA:3,findUnitById
FNDA:3,findUnits
DA:16,1
DA:19,3
DA:21,0
DA:27,0
DA:33,0
DA:39,3
DA:44,3
DA:46,0
DA:52,0
DA:58,0
DA:64,3
DA:69,3
DA:71,0
DA:77,0
DA:83,0
DA:89,3
DA:94,3
DA:96,0
DA:101,0
DA:107,0
DA:113,3
LF:21
LH:9
BRDA:18,0,0,2
BRDA:19,1,0,0
BRDA:19,1,1,0
BRDA:19,1,2,0
BRDA:19,1,3,3
BRDA:43,2,0,2
BRDA:44,3,0,0
BRDA:44,3,1,0
BRDA:44,3,2,0
BRDA:44,3,3,3
BRDA:68,4,0,2
BRDA:69,5,0,0
BRDA:69,5,1,0
BRDA:69,5,2,0
BRDA:69,5,3,3
BRDA:93,6,0,2
BRDA:94,7,0,0
BRDA:94,7,1,0
BRDA:94,7,2,0
BRDA:94,7,3,3
BRF:20
BRH:8
end_of_record
TN:
SF:/home/aditya/Documents/github/bootcamp/ReactJS/web-client/src/scenes/error/ErrorPage.js
FN:4,(anonymous_0)
FNF:1
FNH:1
FNDA:1,(anonymous_0)
DA:5,1
DA:13,3
LF:2
LH:2
BRF:0
BRH:0
end_of_record
TN:
SF:/home/aditya/Documents/github/bootcamp/ReactJS/web-client/src/scenes/error/index.js
FNF:0
FNH:0
LF:0
LH:0
BRF:0
BRH:0
end_of_record
TN:
SF:/home/aditya/Documents/github/bootcamp/ReactJS/web-client/src/scenes/home/CardComponent.js
FN:3,(anonymous_0)
FNF:1
FNH:0
FNDA:0,(anonymous_0)
DA:3,3
DA:4,0
LF:2
LH:1
BRF:0
BRH:0
end_of_record
TN:
SF:/home/aditya/Documents/github/bootcamp/ReactJS/web-client/src/scenes/home/Home.js
FN:6,(anonymous_0)
FNF:1
FNH:1
FNDA:1,(anonymous_0)
DA:7,1
LF:1
LH:1
BRF:0
BRH:0
end_of_record
TN:
SF:/home/aditya/Documents/github/bootcamp/ReactJS/web-client/src/scenes/home/index.js
FNF:0
FNH:0
LF:0
LH:0
BRF:0
BRH:0
end_of_record
TN:
SF:/home/aditya/Documents/github/bootcamp/ReactJS/web-client/src/scenes/item/ItemListPage.js
FN:11,(anonymous_0)
FN:29,(anonymous_1)
FN:33,(anonymous_2)
FN:37,(anonymous_3)
FN:41,(anonymous_4)
FN:45,(anonymous_5)
FN:49,(anonymous_6)
FN:54,(anonymous_7)
FN:72,(anonymous_8)
FN:77,(anonymous_9)
FN:82,(anonymous_10)
FN:88,(anonymous_11)
FN:95,(anonymous_12)
FN:182,(anonymous_13)
FNF:14
FNH:0
FNDA:0,(anonymous_0)
FNDA:0,(anonymous_1)
FNDA:0,(anonymous_2)
FNDA:0,(anonymous_3)
FNDA:0,(anonymous_4)
FNDA:0,(anonymous_5)
FNDA:0,(anonymous_6)
FNDA:0,(anonymous_7)
FNDA:0,(anonymous_8)
FNDA:0,(anonymous_9)
FNDA:0,(anonymous_10)
FNDA:0,(anonymous_11)
FNDA:0,(anonymous_12)
FNDA:0,(anonymous_13)
DA:12,0
DA:14,0
DA:29,0
DA:30,0
DA:33,0
DA:34,0
DA:37,0
DA:38,0
DA:41,0
DA:42,0
DA:46,0
DA:49,0
DA:50,0
DA:51,0
DA:55,0
DA:56,0
DA:58,0
DA:59,0
DA:60,0
DA:64,0
DA:65,0
DA:66,0
DA:67,0
DA:68,0
DA:72,0
DA:73,0
DA:74,0
DA:77,0
DA:78,0
DA:79,0
DA:82,0
DA:83,0
DA:84,0
DA:85,0
DA:88,0
DA:89,0
DA:90,0
DA:91,0
DA:92,0
DA:96,0
DA:97,0
DA:99,0
DA:116,0
DA:142,0
DA:182,3
DA:190,3
LF:46
LH:2
BRDA:58,0,0,0
BRDA:58,0,1,0
BRDA:60,1,0,0
BRDA:60,1,1,0
BRDA:61,2,0,0
BRDA:61,2,1,0
BRDA:65,3,0,0
BRDA:65,3,1,0
BRDA:65,4,0,0
BRDA:65,4,1,0
BRDA:67,5,0,0
BRDA:67,5,1,0
BRDA:67,6,0,0
BRDA:67,6,1,0
BRDA:84,7,0,0
BRDA:84,7,1,0
BRDA:133,8,0,0
BRDA:133,8,1,0
BRDA:161,9,0,0
BRDA:161,9,1,0
BRDA:185,10,0,0
BRDA:185,10,1,0
BRDA:186,11,0,0
BRDA:186,11,1,0
BRF:24
BRH:0
end_of_record
TN:
SF:/home/aditya/Documents/github/bootcamp/ReactJS/web-client/src/scenes/item/index.js
FNF:0
FNH:0
LF:0
LH:0
BRF:0
BRH:0
end_of_record
TN:
SF:/home/aditya/Documents/github/bootcamp/ReactJS/web-client/src/scenes/item/styles.js
FN:1,(anonymous_0)
FNF:1
FNH:1
FNDA:1,(anonymous_0)
DA:1,3
LF:1
LH:1
BRF:0
BRH:0
end_of_record
TN:
SF:/home/aditya/Documents/github/bootcamp/ReactJS/web-client/src/scenes/item/detail/ItemPage.js
FN:12,(anonymous_0)
FN:25,(anonymous_1)
FN:31,(anonymous_2)
FN:35,(anonymous_3)
FN:43,(anonymous_4)
FN:58,(anonymous_5)
FN:65,(anonymous_6)
FN:72,(anonymous_7)
FN:130,(anonymous_8)
FN:133,(anonymous_9)
FN:148,(anonymous_10)
FNF:11
FNH:0
FNDA:0,(anonymous_0)
FNDA:0,(anonymous_1)
FNDA:0,(anonymous_2)
FNDA:0,(anonymous_3)
FNDA:0,(anonymous_4)
FNDA:0,(anonymous_5)
FNDA:0,(anonymous_6)
FNDA:0,(anonymous_7)
FNDA:0,(anonymous_8)
FNDA:0,(anonymous_9)
FNDA:0,(anonymous_10)
DA:13,0
DA:14,0
DA:15,0
DA:25,0
DA:26,0
DA:27,0
DA:28,0
DA:32,0
DA:37,0
DA:38,0
DA:39,0
DA:45,0
DA:47,0
DA:48,0
DA:49,0
DA:50,0
DA:51,0
DA:52,0
DA:53,0
DA:54,0
DA:58,0
DA:60,0
DA:61,0
DA:62,0
DA:65,0
DA:67,0
DA:68,0
DA:69,0
DA:74,0
DA:75,0
DA:76,0
DA:77,0
DA:130,0
DA:133,0
DA:148,2
DA:151,0
DA:162,2
LF:37
LH:2
BRDA:38,0,0,0
BRDA:38,0,1,0
BRDA:47,1,0,0
BRDA:47,1,1,0
BRDA:49,2,0,0
BRDA:49,2,1,0
BRDA:51,3,0,0
BRDA:51,3,1,0
BRDA:53,4,0,0
BRDA:53,4,1,0
BRDA:53,5,0,0
BRDA:53,5,1,0
BRDA:76,6,0,0
BRDA:76,6,1,0
BRDA:81,7,0,0
BRDA:81,7,1,0
BRDA:83,8,0,0
BRDA:83,8,1,0
BRDA:98,9,0,0
BRDA:98,9,1,0
BRDA:154,10,0,0
BRDA:154,10,1,0
BRF:22
BRH:0
end_of_record
TN:
SF:/home/aditya/Documents/github/bootcamp/ReactJS/web-client/src/scenes/item/detail/index.js
FNF:0
FNH:0
LF:0
LH:0
BRF:0
BRH:0
end_of_record
TN:
SF:/home/aditya/Documents/github/bootcamp/ReactJS/web-client/src/scenes/item/detail/styles.js
FN:1,(anonymous_0)
FNF:1
FNH:0
FNDA:0,(anonymous_0)
DA:1,2
LF:1
LH:1
BRF:0
BRH:0
end_of_record
TN:
SF:/home/aditya/Documents/github/bootcamp/ReactJS/web-client/src/scenes/stock/StockListPage.js
FN:15,(anonymous_0)
FN:35,(anonymous_1)
FN:39,(anonymous_2)
FN:43,(anonymous_3)
FN:47,(anonymous_4)
FN:51,(anonymous_5)
FN:55,(anonymous_6)
FN:59,(anonymous_7)
FN:64,(anonymous_8)
FN:83,(anonymous_9)
FN:88,(anonymous_10)
FN:93,(anonymous_11)
FN:99,(anonymous_12)
FN:106,(anonymous_13)
FN:222,(anonymous_14)
FNF:15
FNH:0
FNDA:0,(anonymous_0)
FNDA:0,(anonymous_1)
FNDA:0,(anonymous_2)
FNDA:0,(anonymous_3)
FNDA:0,(anonymous_4)
FNDA:0,(anonymous_5)
FNDA:0,(anonymous_6)
FNDA:0,(anonymous_7)
FNDA:0,(anonymous_8)
FNDA:0,(anonymous_9)
FNDA:0,(anonymous_10)
FNDA:0,(anonymous_11)
FNDA:0,(anonymous_12)
FNDA:0,(anonymous_13)
FNDA:0,(anonymous_14)
DA:16,0
DA:17,0
DA:35,0
DA:36,0
DA:39,0
DA:40,0
DA:44,0
DA:47,0
DA:48,0
DA:51,0
DA:52,0
DA:56,0
DA:59,0
DA:60,0
DA:61,0
DA:65,0
DA:66,0
DA:67,0
DA:69,0
DA:70,0
DA:71,0
DA:75,0
DA:76,0
DA:77,0
DA:78,0
DA:79,0
DA:83,0
DA:84,0
DA:85,0
DA:88,0
DA:89,0
DA:90,0
DA:93,0
DA:94,0
DA:95,0
DA:96,0
DA:99,0
DA:100,0
DA:101,0
DA:102,0
DA:103,0
DA:107,0
DA:108,0
DA:110,0
DA:141,0
DA:166,0
DA:222,3
DA:230,3
LF:48
LH:2
BRDA:69,0,0,0
BRDA:69,0,1,0
BRDA:71,1,0,0
BRDA:71,1,1,0
BRDA:72,2,0,0
BRDA:72,2,1,0
BRDA:76,3,0,0
BRDA:76,3,1,0
BRDA:76,4,0,0
BRDA:76,4,1,0
BRDA:78,5,0,0
BRDA:78,5,1,0
BRDA:78,6,0,0
BRDA:78,6,1,0
BRDA:95,7,0,0
BRDA:95,7,1,0
BRDA:158,8,0,0
BRDA:158,8,1,0
BRDA:201,9,0,0
BRDA:201,9,1,0
BRDA:225,10,0,0
BRDA:225,10,1,0
BRDA:226,11,0,0
BRDA:226,11,1,0
BRF:24
BRH:0
end_of_record
TN:
SF:/home/aditya/Documents/github/bootcamp/ReactJS/web-client/src/scenes/stock/index.js
FNF:0
FNH:0
LF:0
LH:0
BRF:0
BRH:0
end_of_record
TN:
SF:/home/aditya/Documents/github/bootcamp/ReactJS/web-client/src/scenes/stock/styles.js
FN:3,(anonymous_0)
FNF:1
FNH:1
FNDA:1,(anonymous_0)
DA:3,3
LF:1
LH:1
BRF:0
BRH:0
end_of_record
TN:
SF:/home/aditya/Documents/github/bootcamp/ReactJS/web-client/src/scenes/stock/detail/StockPage.js
FN:15,(anonymous_0)
FN:31,(anonymous_1)
FN:37,(anonymous_2)
FN:44,(anonymous_3)
FN:60,(anonymous_4)
FN:66,(anonymous_5)
FN:72,(anonymous_6)
FN:77,(anonymous_7)
FN:81,(anonymous_8)
FN:90,(anonymous_9)
FN:95,(anonymous_10)
FN:99,(anonymous_11)
FN:108,(anonymous_12)
FN:152,(anonymous_13)
FN:153,(anonymous_14)
FN:154,(anonymous_15)
FN:196,(anonymous_16)
FN:197,(anonymous_17)
FN:198,(anonymous_18)
FN:230,(anonymous_19)
FN:233,(anonymous_20)
FN:248,(anonymous_21)
FNF:22
FNH:0
FNDA:0,(anonymous_0)
FNDA:0,(anonymous_1)
FNDA:0,(anonymous_2)
FNDA:0,(anonymous_3)
FNDA:0,(anonymous_4)
FNDA:0,(anonymous_5)
FNDA:0,(anonymous_6)
FNDA:0,(anonymous_7)
FNDA:0,(anonymous_8)
FNDA:0,(anonymous_9)
FNDA:0,(anonymous_10)
FNDA:0,(anonymous_11)
FNDA:0,(anonymous_12)
FNDA:0,(anonymous_13)
FNDA:0,(anonymous_14)
FNDA:0,(anonymous_15)
FNDA:0,(anonymous_16)
FNDA:0,(anonymous_17)
FNDA:0,(anonymous_18)
FNDA:0,(anonymous_19)
FNDA:0,(anonymous_20)
FNDA:0,(anonymous_21)
DA:16,0
DA:17,0
DA:18,0
DA:31,0
DA:32,0
DA:33,0
DA:34,0
DA:38,0
DA:39,0
DA:40,0
DA:45,0
DA:47,0
DA:48,0
DA:49,0
DA:50,0
DA:51,0
DA:52,0
DA:53,0
DA:54,0
DA:55,0
DA:56,0
DA:60,0
DA:61,0
DA:62,0
DA:63,0
DA:66,0
DA:67,0
DA:68,0
DA:69,0
DA:72,0
DA:73,0
DA:74,0
DA:77,0
DA:78,0
DA:81,0
DA:82,0
DA:83,0
DA:84,0
DA:86,0
DA:90,0
DA:91,0
DA:92,0
DA:95,0
DA:96,0
DA:99,0
DA:100,0
DA:101,0
DA:102,0
DA:104,0
DA:117,0
DA:118,0
DA:119,0
DA:120,0
DA:121,0
DA:122,0
DA:152,0
DA:153,0
DA:155,0
DA:196,0
DA:197,0
DA:199,0
DA:230,0
DA:233,0
DA:248,2
DA:262,2
LF:65
LH:2
BRDA:39,0,0,0
BRDA:39,0,1,0
BRDA:47,1,0,0
BRDA:47,1,1,0
BRDA:49,2,0,0
BRDA:49,2,1,0
BRDA:51,3,0,0
BRDA:51,3,1,0
BRDA:53,4,0,0
BRDA:53,4,1,0
BRDA:55,5,0,0
BRDA:55,5,1,0
BRDA:55,6,0,0
BRDA:55,6,1,0
BRDA:83,7,0,0
BRDA:83,7,1,0
BRDA:101,8,0,0
BRDA:101,8,1,0
BRDA:119,9,0,0
BRDA:119,9,1,0
BRDA:119,10,0,0
BRDA:119,10,1,0
BRDA:120,11,0,0
BRDA:120,11,1,0
BRDA:120,12,0,0
BRDA:120,12,1,0
BRDA:121,13,0,0
BRDA:121,13,1,0
BRDA:126,14,0,0
BRDA:126,14,1,0
BRDA:128,15,0,0
BRDA:128,15,1,0
BRDA:147,16,0,0
BRDA:147,16,1,0
BRDA:174,17,0,0
BRDA:174,17,1,0
BRDA:191,18,0,0
BRDA:191,18,1,0
BRDA:250,19,0,0
BRDA:250,19,1,0
BRF:40
BRH:0
end_of_record
TN:
SF:/home/aditya/Documents/github/bootcamp/ReactJS/web-client/src/scenes/stock/detail/index.js
FNF:0
FNH:0
LF:0
LH:0
BRF:0
BRH:0
end_of_record
TN:
SF:/home/aditya/Documents/github/bootcamp/ReactJS/web-client/src/scenes/stock/detail/styles.js
FN:1,(anonymous_0)
FNF:1
FNH:0
FNDA:0,(anonymous_0)
DA:1,2
LF:1
LH:1
BRF:0
BRH:0
end_of_record
TN:
SF:/home/aditya/Documents/github/bootcamp/ReactJS/web-client/src/scenes/stock/summary/StockSummary.js
FN:11,(anonymous_0)
FN:28,(anonymous_1)
FN:34,(anonymous_2)
FN:38,(anonymous_3)
FN:42,(anonymous_4)
FN:46,(anonymous_5)
FN:51,(anonymous_6)
FN:70,(anonymous_7)
FN:75,(anonymous_8)
FN:80,(anonymous_9)
FN:86,(anonymous_10)
FN:158,(anonymous_11)
FNF:12
FNH:0
FNDA:0,(anonymous_0)
FNDA:0,(anonymous_1)
FNDA:0,(anonymous_2)
FNDA:0,(anonymous_3)
FNDA:0,(anonymous_4)
FNDA:0,(anonymous_5)
FNDA:0,(anonymous_6)
FNDA:0,(anonymous_7)
FNDA:0,(anonymous_8)
FNDA:0,(anonymous_9)
FNDA:0,(anonymous_10)
FNDA:0,(anonymous_11)
DA:12,0
DA:13,0
DA:28,0
DA:29,0
DA:30,0
DA:31,0
DA:34,0
DA:35,0
DA:38,0
DA:39,0
DA:43,0
DA:46,0
DA:47,0
DA:48,0
DA:52,0
DA:53,0
DA:54,0
DA:56,0
DA:57,0
DA:58,0
DA:62,0
DA:63,0
DA:64,0
DA:65,0
DA:66,0
DA:70,0
DA:71,0
DA:72,0
DA:75,0
DA:76,0
DA:77,0
DA:80,0
DA:81,0
DA:82,0
DA:83,0
DA:87,0
DA:88,0
DA:90,0
DA:107,0
DA:132,0
DA:158,2
DA:164,2
LF:42
LH:2
BRDA:56,0,0,0
BRDA:56,0,1,0
BRDA:58,1,0,0
BRDA:58,1,1,0
BRDA:59,2,0,0
BRDA:59,2,1,0
BRDA:63,3,0,0
BRDA:63,3,1,0
BRDA:63,4,0,0
BRDA:63,4,1,0
BRDA:65,5,0,0
BRDA:65,5,1,0
BRDA:65,6,0,0
BRDA:65,6,1,0
BRDA:82,7,0,0
BRDA:82,7,1,0
BRDA:124,8,0,0
BRDA:124,8,1,0
BRDA:140,9,0,0
BRDA:140,9,1,0
BRDA:159,10,0,0
BRDA:159,10,1,0
BRF:22
BRH:0
end_of_record
TN:
SF:/home/aditya/Documents/github/bootcamp/ReactJS/web-client/src/scenes/stock/summary/index.js
FNF:0
FNH:0
LF:0
LH:0
BRF:0
BRH:0
end_of_record
TN:
SF:/home/aditya/Documents/github/bootcamp/ReactJS/web-client/src/scenes/stock/summary/styles.js
FNF:0
FNH:0
LF:0
LH:0
BRF:0
BRH:0
end_of_record
TN:
SF:/home/aditya/Documents/github/bootcamp/ReactJS/web-client/src/scenes/transaction/TransactionListPage.js
FN:12,(anonymous_0)
FN:30,(anonymous_1)
FN:34,(anonymous_2)
FN:38,(anonymous_3)
FN:42,(anonymous_4)
FN:46,(anonymous_5)
FN:50,(anonymous_6)
FN:55,(anonymous_7)
FN:73,(anonymous_8)
FN:78,(anonymous_9)
FN:83,(anonymous_10)
FN:89,(anonymous_11)
FN:96,(anonymous_12)
FN:210,(anonymous_13)
FNF:14
FNH:0
FNDA:0,(anonymous_0)
FNDA:0,(anonymous_1)
FNDA:0,(anonymous_2)
FNDA:0,(anonymous_3)
FNDA:0,(anonymous_4)
FNDA:0,(anonymous_5)
FNDA:0,(anonymous_6)
FNDA:0,(anonymous_7)
FNDA:0,(anonymous_8)
FNDA:0,(anonymous_9)
FNDA:0,(anonymous_10)
FNDA:0,(anonymous_11)
FNDA:0,(anonymous_12)
FNDA:0,(anonymous_13)
DA:13,0
DA:15,0
DA:30,0
DA:31,0
DA:34,0
DA:35,0
DA:38,0
DA:39,0
DA:42,0
DA:43,0
DA:47,0
DA:50,0
DA:51,0
DA:52,0
DA:56,0
DA:57,0
DA:59,0
DA:60,0
DA:61,0
DA:65,0
DA:66,0
DA:67,0
DA:68,0
DA:69,0
DA:73,0
DA:74,0
DA:75,0
DA:78,0
DA:79,0
DA:80,0
DA:83,0
DA:84,0
DA:85,0
DA:86,0
DA:89,0
DA:90,0
DA:91,0
DA:92,0
DA:93,0
DA:97,0
DA:98,0
DA:100,0
DA:131,0
DA:157,0
DA:210,3
DA:219,3
LF:46
LH:2
BRDA:59,0,0,0
BRDA:59,0,1,0
BRDA:61,1,0,0
BRDA:61,1,1,0
BRDA:62,2,0,0
BRDA:62,2,1,0
BRDA:66,3,0,0
BRDA:66,3,1,0
BRDA:66,4,0,0
BRDA:66,4,1,0
BRDA:68,5,0,0
BRDA:68,5,1,0
BRDA:68,6,0,0
BRDA:68,6,1,0
BRDA:85,7,0,0
BRDA:85,7,1,0
BRDA:148,8,0,0
BRDA:148,8,1,0
BRDA:189,9,0,0
BRDA:189,9,1,0
BRDA:213,10,0,0
BRDA:213,10,1,0
BRDA:215,11,0,0
BRDA:215,11,1,0
BRF:24
BRH:0
end_of_record
TN:
SF:/home/aditya/Documents/github/bootcamp/ReactJS/web-client/src/scenes/transaction/index.js
FNF:0
FNH:0
LF:0
LH:0
BRF:0
BRH:0
end_of_record
TN:
SF:/home/aditya/Documents/github/bootcamp/ReactJS/web-client/src/scenes/transaction/style.js
FN:1,(anonymous_0)
FNF:1
FNH:1
FNDA:1,(anonymous_0)
DA:1,3
LF:1
LH:1
BRF:0
BRH:0
end_of_record
TN:
SF:/home/aditya/Documents/github/bootcamp/ReactJS/web-client/src/scenes/transaction/detail/TransactionPage.js
FN:13,(anonymous_0)
FN:27,(anonymous_1)
FN:33,(anonymous_2)
FN:40,(anonymous_3)
FN:54,(anonymous_4)
FN:60,(anonymous_5)
FN:66,(anonymous_6)
FN:120,(anonymous_7)
FN:121,(anonymous_8)
FN:149,(anonymous_9)
FN:152,(anonymous_10)
FN:168,(anonymous_11)
FNF:12
FNH:0
FNDA:0,(anonymous_0)
FNDA:0,(anonymous_1)
FNDA:0,(anonymous_2)
FNDA:0,(anonymous_3)
FNDA:0,(anonymous_4)
FNDA:0,(anonymous_5)
FNDA:0,(anonymous_6)
FNDA:0,(anonymous_7)
FNDA:0,(anonymous_8)
FNDA:0,(anonymous_9)
FNDA:0,(anonymous_10)
FNDA:0,(anonymous_11)
DA:14,0
DA:15,0
DA:16,0
DA:27,0
DA:28,0
DA:29,0
DA:30,0
DA:34,0
DA:35,0
DA:36,0
DA:41,0
DA:43,0
DA:44,0
DA:45,0
DA:46,0
DA:47,0
DA:48,0
DA:49,0
DA:50,0
DA:54,0
DA:55,0
DA:56,0
DA:57,0
DA:60,0
DA:61,0
DA:62,0
DA:63,0
DA:67,0
DA:68,0
DA:69,0
DA:70,0
DA:120,0
DA:122,0
DA:149,0
DA:152,0
DA:167,2
DA:168,2
DA:176,2
LF:38
LH:3
BRDA:35,0,0,0
BRDA:35,0,1,0
BRDA:43,1,0,0
BRDA:43,1,1,0
BRDA:45,2,0,0
BRDA:45,2,1,0
BRDA:47,3,0,0
BRDA:47,3,1,0
BRDA:49,4,0,0
BRDA:49,4,1,0
BRDA:49,5,0,0
BRDA:49,5,1,0
BRDA:69,6,0,0
BRDA:69,6,1,0
BRDA:74,7,0,0
BRDA:74,7,1,0
BRDA:76,8,0,0
BRDA:76,8,1,0
BRDA:91,9,0,0
BRDA:91,9,1,0
BRDA:170,10,0,0
BRDA:170,10,1,0
BRF:22
BRH:0
end_of_record
TN:
SF:/home/aditya/Documents/github/bootcamp/ReactJS/web-client/src/scenes/transaction/detail/index.js
FNF:0
FNH:0
LF:0
LH:0
BRF:0
BRH:0
end_of_record
TN:
SF:/home/aditya/Documents/github/bootcamp/ReactJS/web-client/src/scenes/transaction/detail/styles.js
FN:1,(anonymous_0)
FNF:1
FNH:0
FNDA:0,(anonymous_0)
DA:1,2
LF:1
LH:1
BRF:0
BRH:0
end_of_record
TN:
SF:/home/aditya/Documents/github/bootcamp/ReactJS/web-client/src/scenes/transaction/summary/DaySummary.js
FN:10,(anonymous_0)
FN:28,(anonymous_1)
FN:34,(anonymous_2)
FN:38,(anonymous_3)
FN:42,(anonymous_4)
FN:46,(anonymous_5)
FN:51,(anonymous_6)
FN:61,(anonymous_7)
FN:66,(anonymous_8)
FN:71,(anonymous_9)
FN:77,(anonymous_10)
FN:158,(anonymous_11)
FNF:12
FNH:0
FNDA:0,(anonymous_0)
FNDA:0,(anonymous_1)
FNDA:0,(anonymous_2)
FNDA:0,(anonymous_3)
FNDA:0,(anonymous_4)
FNDA:0,(anonymous_5)
FNDA:0,(anonymous_6)
FNDA:0,(anonymous_7)
FNDA:0,(anonymous_8)
FNDA:0,(anonymous_9)
FNDA:0,(anonymous_10)
FNDA:0,(anonymous_11)
DA:11,0
DA:13,0
DA:28,0
DA:29,0
DA:30,0
DA:31,0
DA:34,0
DA:35,0
DA:38,0
DA:39,0
DA:43,0
DA:46,0
DA:47,0
DA:48,0
DA:52,0
DA:54,0
DA:55,0
DA:56,0
DA:57,0
DA:61,0
DA:62,0
DA:63,0
DA:66,0
DA:67,0
DA:68,0
DA:71,0
DA:72,0
DA:73,0
DA:74,0
DA:78,0
DA:79,0
DA:81,0
DA:105,0
DA:129,0
DA:158,2
DA:164,2
LF:36
LH:2
BRDA:54,0,0,0
BRDA:54,0,1,0
BRDA:56,1,0,0
BRDA:56,1,1,0
BRDA:56,2,0,0
BRDA:56,2,1,0
BRDA:73,3,0,0
BRDA:73,3,1,0
BRDA:120,4,0,0
BRDA:120,4,1,0
BRDA:137,5,0,0
BRDA:137,5,1,0
BRF:12
BRH:0
end_of_record
TN:
SF:/home/aditya/Documents/github/bootcamp/ReactJS/web-client/src/scenes/transaction/summary/MonthSummary.js
FN:11,(anonymous_0)
FN:29,(anonymous_1)
FN:35,(anonymous_2)
FN:39,(anonymous_3)
FN:43,(anonymous_4)
FN:47,(anonymous_5)
FN:52,(anonymous_6)
FN:62,(anonymous_7)
FN:67,(anonymous_8)
FN:72,(anonymous_9)
FN:78,(anonymous_10)
FN:159,(anonymous_11)
FNF:12
FNH:0
FNDA:0,(anonymous_0)
FNDA:0,(anonymous_1)
FNDA:0,(anonymous_2)
FNDA:0,(anonymous_3)
FNDA:0,(anonymous_4)
FNDA:0,(anonymous_5)
FNDA:0,(anonymous_6)
FNDA:0,(anonymous_7)
FNDA:0,(anonymous_8)
FNDA:0,(anonymous_9)
FNDA:0,(anonymous_10)
FNDA:0,(anonymous_11)
DA:12,0
DA:14,0
DA:29,0
DA:30,0
DA:31,0
DA:32,0
DA:35,0
DA:36,0
DA:39,0
DA:40,0
DA:44,0
DA:47,0
DA:48,0
DA:49,0
DA:53,0
DA:55,0
DA:56,0
DA:57,0
DA:58,0
DA:62,0
DA:63,0
DA:64,0
DA:67,0
DA:68,0
DA:69,0
DA:72,0
DA:73,0
DA:74,0
DA:75,0
DA:79,0
DA:80,0
DA:82,0
DA:106,0
DA:130,0
DA:159,2
DA:165,2
LF:36
LH:2
BRDA:55,0,0,0
BRDA:55,0,1,0
BRDA:57,1,0,0
BRDA:57,1,1,0
BRDA:57,2,0,0
BRDA:57,2,1,0
BRDA:74,3,0,0
BRDA:74,3,1,0
BRDA:121,4,0,0
BRDA:121,4,1,0
BRDA:138,5,0,0
BRDA:138,5,1,0
BRF:12
BRH:0
end_of_record
TN:
SF:/home/aditya/Documents/github/bootcamp/ReactJS/web-client/src/scenes/transaction/summary/YearSummary.js
FN:10,(anonymous_0)
FN:28,(anonymous_1)
FN:34,(anonymous_2)
FN:38,(anonymous_3)
FN:42,(anonymous_4)
FN:46,(anonymous_5)
FN:51,(anonymous_6)
FN:61,(anonymous_7)
FN:66,(anonymous_8)
FN:71,(anonymous_9)
FN:77,(anonymous_10)
FN:154,(anonymous_11)
FNF:12
FNH:0
FNDA:0,(anonymous_0)
FNDA:0,(anonymous_1)
FNDA:0,(anonymous_2)
FNDA:0,(anonymous_3)
FNDA:0,(anonymous_4)
FNDA:0,(anonymous_5)
FNDA:0,(anonymous_6)
FNDA:0,(anonymous_7)
FNDA:0,(anonymous_8)
FNDA:0,(anonymous_9)
FNDA:0,(anonymous_10)
FNDA:0,(anonymous_11)
DA:11,0
DA:13,0
DA:28,0
DA:29,0
DA:30,0
DA:31,0
DA:34,0
DA:35,0
DA:38,0
DA:39,0
DA:43,0
DA:46,0
DA:47,0
DA:48,0
DA:52,0
DA:54,0
DA:55,0
DA:56,0
DA:57,0
DA:61,0
DA:62,0
DA:63,0
DA:66,0
DA:67,0
DA:68,0
DA:71,0
DA:72,0
DA:73,0
DA:74,0
DA:78,0
DA:79,0
DA:81,0
DA:105,0
DA:129,0
DA:154,2
DA:160,2
LF:36
LH:2
BRDA:54,0,0,0
BRDA:54,0,1,0
BRDA:56,1,0,0
BRDA:56,1,1,0
BRDA:56,2,0,0
BRDA:56,2,1,0
BRDA:73,3,0,0
BRDA:73,3,1,0
BRDA:120,4,0,0
BRDA:120,4,1,0
BRDA:137,5,0,0
BRDA:137,5,1,0
BRF:12
BRH:0
end_of_record
TN:
SF:/home/aditya/Documents/github/bootcamp/ReactJS/web-client/src/scenes/transaction/summary/index.js
FNF:0
FNH:0
LF:0
LH:0
BRF:0
BRH:0
end_of_record
TN:
SF:/home/aditya/Documents/github/bootcamp/ReactJS/web-client/src/scenes/transaction/summary/styles.js
FNF:0
FNH:0
LF:0
LH:0
BRF:0
BRH:0
end_of_record
TN:
SF:/home/aditya/Documents/github/bootcamp/ReactJS/web-client/src/scenes/unit/UnitPageList.js
FN:11,(anonymous_0)
FN:29,(anonymous_1)
FN:33,(anonymous_2)
FN:37,(anonymous_3)
FN:41,(anonymous_4)
FN:45,(anonymous_5)
FN:49,(anonymous_6)
FN:54,(anonymous_7)
FN:72,(anonymous_8)
FN:77,(anonymous_9)
FN:82,(anonymous_10)
FN:88,(anonymous_11)
FN:95,(anonymous_12)
FN:189,(anonymous_13)
FNF:14
FNH:0
FNDA:0,(anonymous_0)
FNDA:0,(anonymous_1)
FNDA:0,(anonymous_2)
FNDA:0,(anonymous_3)
FNDA:0,(anonymous_4)
FNDA:0,(anonymous_5)
FNDA:0,(anonymous_6)
FNDA:0,(anonymous_7)
FNDA:0,(anonymous_8)
FNDA:0,(anonymous_9)
FNDA:0,(anonymous_10)
FNDA:0,(anonymous_11)
FNDA:0,(anonymous_12)
FNDA:0,(anonymous_13)
DA:12,0
DA:14,0
DA:29,0
DA:30,0
DA:33,0
DA:34,0
DA:37,0
DA:38,0
DA:41,0
DA:42,0
DA:46,0
DA:49,0
DA:50,0
DA:51,0
DA:55,0
DA:56,0
DA:58,0
DA:59,0
DA:60,0
DA:64,0
DA:65,0
DA:66,0
DA:67,0
DA:68,0
DA:72,0
DA:73,0
DA:74,0
DA:77,0
DA:78,0
DA:79,0
DA:82,0
DA:83,0
DA:84,0
DA:85,0
DA:88,0
DA:89,0
DA:90,0
DA:91,0
DA:92,0
DA:96,0
DA:97,0
DA:99,0
DA:123,0
DA:149,0
DA:189,3
DA:197,3
LF:46
LH:2
BRDA:58,0,0,0
BRDA:58,0,1,0
BRDA:60,1,0,0
BRDA:60,1,1,0
BRDA:61,2,0,0
BRDA:61,2,1,0
BRDA:65,3,0,0
BRDA:65,3,1,0
BRDA:65,4,0,0
BRDA:65,4,1,0
BRDA:67,5,0,0
BRDA:67,5,1,0
BRDA:67,6,0,0
BRDA:67,6,1,0
BRDA:84,7,0,0
BRDA:84,7,1,0
BRDA:140,8,0,0
BRDA:140,8,1,0
BRDA:168,9,0,0
BRDA:168,9,1,0
BRDA:192,10,0,0
BRDA:192,10,1,0
BRDA:193,11,0,0
BRDA:193,11,1,0
BRF:24
BRH:0
end_of_record
TN:
SF:/home/aditya/Documents/github/bootcamp/ReactJS/web-client/src/scenes/unit/index.js
FNF:0
FNH:0
LF:0
LH:0
BRF:0
BRH:0
end_of_record
TN:
SF:/home/aditya/Documents/github/bootcamp/ReactJS/web-client/src/scenes/unit/style.js
FN:1,(anonymous_0)
FNF:1
FNH:1
FNDA:1,(anonymous_0)
DA:1,3
LF:1
LH:1
BRF:0
BRH:0
end_of_record
TN:
SF:/home/aditya/Documents/github/bootcamp/ReactJS/web-client/src/scenes/unit/detail/UnitPage.js
FN:13,(anonymous_0)
FN:27,(anonymous_1)
FN:33,(anonymous_2)
FN:40,(anonymous_3)
FN:54,(anonymous_4)
FN:60,(anonymous_5)
FN:66,(anonymous_6)
FN:129,(anonymous_7)
FN:132,(anonymous_8)
FN:147,(anonymous_9)
FNF:10
FNH:0
FNDA:0,(anonymous_0)
FNDA:0,(anonymous_1)
FNDA:0,(anonymous_2)
FNDA:0,(anonymous_3)
FNDA:0,(anonymous_4)
FNDA:0,(anonymous_5)
FNDA:0,(anonymous_6)
FNDA:0,(anonymous_7)
FNDA:0,(anonymous_8)
FNDA:0,(anonymous_9)
DA:14,0
DA:15,0
DA:16,0
DA:27,0
DA:28,0
DA:29,0
DA:30,0
DA:34,0
DA:35,0
DA:36,0
DA:41,0
DA:43,0
DA:44,0
DA:45,0
DA:46,0
DA:47,0
DA:48,0
DA:49,0
DA:50,0
DA:54,0
DA:55,0
DA:56,0
DA:57,0
DA:60,0
DA:61,0
DA:62,0
DA:63,0
DA:67,0
DA:68,0
DA:69,0
DA:70,0
DA:129,0
DA:132,0
DA:147,3
DA:155,3
LF:35
LH:2
BRDA:35,0,0,0
BRDA:35,0,1,0
BRDA:43,1,0,0
BRDA:43,1,1,0
BRDA:45,2,0,0
BRDA:45,2,1,0
BRDA:47,3,0,0
BRDA:47,3,1,0
BRDA:49,4,0,0
BRDA:49,4,1,0
BRDA:49,5,0,0
BRDA:49,5,1,0
BRDA:69,6,0,0
BRDA:69,6,1,0
BRDA:74,7,0,0
BRDA:74,7,1,0
BRDA:76,8,0,0
BRDA:76,8,1,0
BRDA:91,9,0,0
BRDA:91,9,1,0
BRDA:149,10,0,0
BRDA:149,10,1,0
BRF:22
BRH:0
end_of_record
TN:
SF:/home/aditya/Documents/github/bootcamp/ReactJS/web-client/src/scenes/unit/detail/index.js
FNF:0
FNH:0
LF:0
LH:0
BRF:0
BRH:0
end_of_record
TN:
SF:/home/aditya/Documents/github/bootcamp/ReactJS/web-client/src/scenes/unit/detail/styles.js
FN:1,(anonymous_0)
FNF:1
FNH:1
FNDA:1,(anonymous_0)
DA:1,3
LF:1
LH:1
BRF:0
BRH:0
end_of_record
TN:
SF:/home/aditya/Documents/github/bootcamp/ReactJS/web-client/src/utils/apiUtil.js
FN:6,sleep
FN:7,(anonymous_1)
FN:13,(anonymous_2)
FN:22,(anonymous_3)
FNF:4
FNH:0
FNDA:0,sleep
FNDA:0,(anonymous_1)
FNDA:0,(anonymous_2)
FNDA:0,(anonymous_3)
DA:1,7
DA:2,7
DA:7,0
DA:8,0
DA:12,7
DA:14,0
DA:15,0
DA:16,0
DA:17,0
DA:18,0
DA:20,0
DA:23,0
LF:12
LH:3
BRDA:15,0,0,0
BRDA:15,0,1,0
BRDA:16,1,0,0
BRDA:16,1,1,0
BRF:4
BRH:0
end_of_record
